         w __deregister_frame_info
         w __register_frame_info
         w _ITM_deregisterTMCloneTable
         w _ITM_registerTMCloneTable
         w _Jv_RegisterClasses
00000000 b .LANCHOR2
00000000 00000401 b __fixedpath
00000000 b _TLS_MODULE_BASE_
00000000 a shift
00000000 a shift
00000404 b .LANCHOR4
00000404 00000802 b __utf16path
00000c08 b .LANCHOR6
00000c08 00000802 b __utf16path_old.7945
00100000 a __start__
00100000 T _start
00100008 T __service_ptr
0010000c T __apt_appid
00100010 T __heap_size
00100014 T __linear_heap_size
00100018 T __system_arglist
0010001c T __system_runflags
00100020 t startup
00100058 t ClearMem
0010006c t ClrLoop
00100094 T _init
001000b0 00000058 T png_zalloc
00100108 00000004 T png_zfree
0010010c 000001a8 t png_build_16bit_table
001002b4 000000b4 t png_image_free_function
00100368 00000498 t png_free_data.part.3
00100800 00000208 t png_icc_profile_error
00100a08 00000040 T png_set_sig_bytes
00100a48 00000070 T png_sig_cmp
00100ab8 00000020 T png_reset_crc
00100ad8 00000054 T png_calculate_crc
00100b2c 00000100 T png_user_version_check
00100c2c 00000114 T png_create_png_struct
00100d40 00000040 T png_create_info_struct
00100d80 00000388 T png_destroy_info_struct
00101108 00000058 T png_info_init_3
00101160 0000004c T png_data_freer
001011ac 00000010 T png_free_data
001011bc 0000000c T png_get_io_ptr
001011c8 0000000c T png_init_io
001011d4 00000004 T png_save_int_32
001011d8 000001e4 T png_convert_to_rfc1123_buffer
001013bc 000001f4 T png_convert_to_rfc1123
001015b0 0000000c T png_get_copyright
001015bc 0000000c T png_get_libpng_ver
001015c8 0000000c T png_get_header_ver
001015d4 0000000c T png_get_header_version
001015e0 00000060 T png_build_grayscale_palette
00101640 00000074 T png_handle_as_unknown
001016b4 00000090 T png_chunk_unknown_handling
00101744 00000018 T png_reset_zstream
0010175c 0000000c T png_access_version_number
00101768 000000e4 T png_zstream_error
0010184c 0000016c T png_colorspace_set_gamma
001019b8 00000070 T png_colorspace_sync_info
00101a28 00000088 T png_colorspace_sync
00101ab0 00000284 T png_colorspace_set_sRGB
00101d34 00000198 T png_icc_check_length
00101ecc 0000035c T png_icc_check_header
00102228 00000138 T png_icc_check_tag_table
00102360 00000254 T png_icc_set_sRGB
001025b4 000003d8 T png_colorspace_set_ICC
0010298c 000002a8 T png_colorspace_set_rgb_coefficients
00102c34 000002b8 T png_check_IHDR
00102eec 00000298 T png_check_fp_number
00103184 000002c0 T png_check_fp_string
00103444 0000092c T png_ascii_from_fp
00103d70 00000430 T png_ascii_from_fixed
001041a0 00000088 T png_fixed
00104228 000000b8 T png_muldiv
001042e0 000000bc T png_muldiv_warn
0010439c 0000008c T png_reciprocal
00104428 00001000 T png_colorspace_set_endpoints
00105428 00000ad4 T png_colorspace_set_chromaticities
00105efc 00000020 T png_gamma_significant
00105f1c 000000bc T png_reciprocal2
00105fd8 00000088 T png_gamma_8bit_correct
00106060 00000094 T png_gamma_16bit_correct
001060f4 00000110 T png_gamma_correct
00106204 00000134 T png_destroy_gamma_table
00106338 0000093c T png_build_gamma_table
00106c74 00000060 T png_set_option
00106cd4 0000003c T png_image_free
00106d10 00000064 T png_image_error
00106d78 000001fc t png_format_buffer.isra.0
00106f74 00000070 t png_safecat.constprop.3
00106fe4 00000074 T png_safecat
00107058 0000016c T png_format_number
001071c4 00000148 T png_warning
0010730c 0000007c T png_warning_parameter
00107388 00000094 T png_warning_parameter_unsigned
0010741c 000000cc T png_warning_parameter_signed
001074e8 000002d8 T png_formatted_warning
001077c0 000001ac T png_chunk_warning
0010796c 00000090 T png_free_jmpbuf
001079fc 0000002c T png_longjmp
00107a28 00000060 T png_error
00107a88 00000158 T png_app_warning
00107be0 00000158 T png_app_error
00107d38 0000002c T png_chunk_error
00107d64 000001a4 T png_chunk_benign_error
00107f08 000002d0 T png_benign_error
001081d8 00000080 T png_fixed_error
00108258 000000e4 T png_set_longjmp_fn
0010833c 000002d8 T png_chunk_report
00108614 00000014 T png_set_error_fn
00108628 0000000c T png_get_error_ptr
00108634 000000a4 T png_safe_error
001086d8 00000074 T png_safe_warning
0010874c 00000098 T png_safe_execute
001087e8 0000001c T png_get_valid
00108804 00000018 T png_get_rowbytes
0010881c 00000018 T png_get_rows
00108834 00000018 T png_get_image_width
0010884c 00000018 T png_get_image_height
00108864 00000018 T png_get_bit_depth
0010887c 00000018 T png_get_color_type
00108894 00000018 T png_get_filter_type
001088ac 00000018 T png_get_interlace_type
001088c4 00000018 T png_get_compression_type
001088dc 00000034 T png_get_x_pixels_per_meter
00108910 00000034 T png_get_y_pixels_per_meter
00108944 0000004c T png_get_pixels_per_meter
00108990 00000048 T png_get_pixel_aspect_ratio
001089d8 00000090 T png_get_pixel_aspect_ratio_fixed
00108a68 00000034 T png_get_x_offset_microns
00108a9c 00000034 T png_get_y_offset_microns
00108ad0 00000034 T png_get_x_offset_pixels
00108b04 00000034 T png_get_y_offset_pixels
00108b38 0000008c T png_get_pixels_per_inch
00108bc4 0000007c T png_get_x_pixels_per_inch
00108c40 0000007c T png_get_y_pixels_per_inch
00108cbc 00000050 T png_get_x_offset_inches_fixed
00108d0c 00000050 T png_get_y_offset_inches_fixed
00108d5c 00000050 T png_get_x_offset_inches
00108dac 00000050 T png_get_y_offset_inches
00108dfc 000000cc T png_get_pHYs_dpi
00108ec8 00000018 T png_get_channels
00108ee0 00000018 T png_get_signature
00108ef8 0000003c T png_get_bKGD
00108f34 00000114 T png_get_cHRM
00109048 00000130 T png_get_cHRM_XYZ
00109178 000000d8 T png_get_cHRM_XYZ_fixed
00109250 000000c4 T png_get_cHRM_fixed
00109314 00000038 T png_get_gAMA_fixed
0010934c 00000054 T png_get_gAMA
001093a0 0000003c T png_get_sRGB
001093dc 000000a4 T png_get_iCCP
00109480 00000030 T png_get_sPLT
001094b0 0000003c T png_get_hIST
001094ec 000000bc T png_get_IHDR
001095a8 0000006c T png_get_oFFs
00109614 000000d0 T png_get_pCAL
001096e4 00000088 T png_get_sCAL_fixed
0010976c 00000058 T png_get_sCAL
001097c4 00000044 T png_get_sCAL_s
00109808 00000060 T png_get_pHYs
00109868 00000044 T png_get_PLTE
001098ac 0000003c T png_get_sBIT
001098e8 00000048 T png_get_text
00109930 0000003c T png_get_tIME
0010996c 00000090 T png_get_tRNS
001099fc 00000030 T png_get_unknown_chunks
00109a2c 0000000c T png_get_rgb_to_gray_status
00109a38 0000000c T png_get_user_chunk_ptr
00109a44 0000001c T png_get_compression_buffer_size
00109a60 0000000c T png_get_user_width_max
00109a6c 0000000c T png_get_user_height_max
00109a78 0000000c T png_get_chunk_cache_max
00109a84 0000000c T png_get_chunk_malloc_max
00109a90 00000008 T png_get_io_state
00109a98 00000008 T png_get_io_chunk_type
00109aa0 00000014 T png_get_palette_max
00109ab8 00000068 T png_destroy_png_struct
00109b20 00000078 T png_calloc
00109b98 00000030 T png_malloc_base
00109bc8 0000007c T png_malloc_array
00109c44 00000108 T png_realloc_array
00109d4c 0000005c T png_malloc
00109da8 00000040 T png_malloc_default
00109de8 00000064 T png_malloc_warn
00109e4c 00000024 T png_free
00109e70 00000014 T png_free_default
00109e84 00000014 T png_set_mem_fn
00109e98 0000000c T png_get_mem_ptr
00109ea4 00000110 t png_do_read_intrapixel
00109fb4 00000088 t png_image_memory_read
0010a03c 00000400 t png_read_info.part.3
0010a43c 000003e8 t png_create_colormap_entry.constprop.8
0010a824 000002ec t png_read_row.constprop.10
0010ab10 000006e8 t png_image_read_background
0010b1f8 00000558 t png_create_colormap_entry.constprop.7
0010b750 00000108 t png_image_read_header
0010b858 00000284 t png_colormap_compose
0010badc 000005bc t png_create_colormap_entry
0010c098 00000508 t png_image_read_colormapped
0010c5a0 00000950 t png_image_read_direct
0010cef0 000003e4 t make_rgb_colormap
0010d2d4 00000260 t make_ga_colormap
0010d534 00001854 t png_image_read_colormap
0010ed88 00000678 t png_image_read_composite
0010f400 000006f0 t png_image_read_and_map
0010faf0 00000058 T png_create_read_struct
0010fb48 0000005c T png_create_read_struct_2
0010fba4 00000010 T png_read_info
0010fbb4 00000044 T png_read_update_info
0010fbf8 00000024 T png_start_read_image
0010fc1c 00000358 T png_read_row
0010ff74 000003f4 T png_read_rows
00110368 0000039c T png_read_image
00110704 00000490 T png_read_end
00110b94 00000138 T png_destroy_read_struct
00110ccc 0000014c t png_image_read_init
00110e18 0000000c T png_set_read_status_fn
00110e24 000002b8 T png_read_png
001110dc 000001b0 T png_image_begin_read_from_stdio
0011128c 000000c8 T png_image_begin_read_from_file
00111354 0000009c T png_image_begin_read_from_memory
001113f0 000001ac T png_image_finish_read
0011159c 0000003c T png_default_read_data
001115d8 00000020 T png_read_data
001115f8 00000050 T png_set_read_fn
00111648 0000021c t png_do_gray_to_rgb
00111864 00001130 t png_do_compose
00112994 000000dc T png_set_crc_action
00112a70 000000b8 T png_set_background_fixed
00112b28 000000d8 T png_set_background
00112c00 00000038 T png_set_scale_16
00112c38 00000038 T png_set_strip_16
00112c70 00000038 T png_set_strip_alpha
00112ca8 000001fc T png_set_alpha_mode_fixed
00112ea4 000002b0 T png_set_alpha_mode
00113154 000008a8 T png_set_quantize
001139fc 00000108 T png_set_gamma_fixed
00113b04 00000234 T png_set_gamma
00113d38 0000003c T png_set_expand
00113d74 0000003c T png_set_palette_to_rgb
00113db0 00000038 T png_set_expand_gray_1_2_4_to_8
00113de8 0000003c T png_set_tRNS_to_alpha
00113e24 0000003c T png_set_expand_16
00113e60 00000038 T png_set_gray_to_rgb
00113e98 00000158 T png_set_rgb_to_gray_fixed
00113ff0 000001a4 T png_set_rgb_to_gray
00114194 00000014 T png_set_read_user_transform_fn
001141a8 00000ce8 T png_init_read_transformations
00114e90 000002cc T png_read_transform_info
0011515c 000024e4 T png_do_read_transformations
00117640 00000188 t png_read_filter_row_sub
001177c8 0000012c t png_read_filter_row_up
001178f4 00000080 t png_read_filter_row_avg
00117974 00000094 t png_read_filter_row_paeth_1byte_pixel
00117a08 000000cc t png_read_filter_row_paeth_multibyte_pixel
00117ad4 00000100 t png_inflate_claim
00117bd4 00000154 t png_inflate.constprop.7
00117d28 000002c0 t png_decompress_chunk.constprop.6
00117fe8 000001b4 t png_inflate_read.part.2.constprop.5
0011819c 000000dc t png_crc_finish.constprop.9
00118278 0000003c T png_get_uint_31
001182b4 00000024 T png_get_uint_32
001182d8 00000038 T png_get_int_32
00118310 00000014 T png_get_uint_16
00118324 000000ac T png_read_sig
001183d0 00000170 T png_read_chunk_header
00118540 00000030 T png_crc_read
00118570 00000180 T png_crc_finish
001186f0 000000a0 T png_crc_error
00118790 00000178 T png_handle_IHDR
00118908 00000250 T png_handle_PLTE
00118b58 00000054 T png_handle_IEND
00118bac 000000e4 T png_handle_gAMA
00118c90 00000214 T png_handle_sBIT
00118ea4 000002c0 T png_handle_cHRM
00119164 00000108 T png_handle_sRGB
0011926c 000005e4 T png_handle_iCCP
00119850 00000320 T png_handle_sPLT
00119b70 0000023c T png_handle_tRNS
00119dac 00000230 T png_handle_bKGD
00119fdc 00000138 T png_handle_hIST
0011a114 0000013c T png_handle_pHYs
0011a250 000001a0 T png_handle_oFFs
0011a3f0 000003b0 T png_handle_pCAL
0011a7a0 00000288 T png_handle_sCAL
0011aa28 00000114 T png_handle_tIME
0011ab3c 000001c0 T png_handle_tEXt
0011acfc 00000254 T png_handle_zTXt
0011af50 00000368 T png_handle_iTXt
0011b2b8 00000358 T png_handle_unknown
0011b610 000000c8 T png_check_chunk_name
0011b6d8 000004f0 T png_combine_row
0011bbc8 0000048c T png_do_read_interlace
0011c054 00000088 T png_read_filter_row
0011c0dc 0000037c T png_read_IDAT_data
0011c458 00000078 T png_read_finish_IDAT
0011c4d0 00000150 T png_read_finish_row
0011c620 00000340 T png_read_start_row
0011c960 00000360 t png_set_text_2.part.4
0011ccc0 0000004c T png_set_bKGD
0011cd0c 00000090 T png_set_cHRM_fixed
0011cd9c 00000098 T png_set_cHRM_XYZ_fixed
0011ce34 00000154 T png_set_cHRM
0011cf88 00000174 T png_set_cHRM_XYZ
0011d0fc 00000030 T png_set_gAMA_fixed
0011d12c 00000044 T png_set_gAMA
0011d170 000000ac T png_set_hIST
0011d21c 000000dc T png_set_IHDR
0011d2f8 0000002c T png_set_oFFs
0011d324 00000280 T png_set_pCAL
0011d5a4 00000164 T png_set_sCAL_s
0011d708 000001cc T png_set_sCAL
0011d8d4 000001b0 T png_set_sCAL_fixed
0011da84 0000002c T png_set_pHYs
0011dab0 00000134 T png_set_PLTE
0011dbe4 00000044 T png_set_sBIT
0011dc28 00000030 T png_set_sRGB
0011dc58 00000040 T png_set_sRGB_gAMA_and_cHRM
0011dc98 00000154 T png_set_iCCP
0011ddec 00000044 T png_set_text
0011de30 00000038 T png_set_text_2
0011de68 000000a0 T png_set_tIME
0011df08 00000140 T png_set_tRNS
0011e048 00000170 T png_set_sPLT
0011e1b8 00000190 T png_set_unknown_chunks
0011e348 000000ac T png_set_unknown_chunk_location
0011e3f4 00000014 T png_permit_mng_features
0011e408 000002b4 T png_set_keep_unknown_chunks
0011e6bc 00000010 T png_set_read_user_chunk_fn
0011e6cc 0000005c T png_set_rows
0011e728 00000084 T png_set_compression_buffer_size
0011e7ac 00000018 T png_set_invalid
0011e7c4 00000010 T png_set_user_limits
0011e7d4 0000000c T png_set_chunk_cache_max
0011e7e0 0000000c T png_set_chunk_malloc_max
0011e7ec 00000018 T png_set_benign_errors
0011e804 00000014 T png_set_check_for_invalid_index
0011e818 00000014 T png_set_bgr
0011e82c 00000020 T png_set_swap
0011e84c 00000028 T png_set_packing
0011e874 00000020 T png_set_packswap
0011e894 00000028 T png_set_shift
0011e8bc 00000030 T png_set_interlace_handling
0011e8ec 00000088 T png_set_filler
0011e974 000000a8 T png_set_add_alpha
0011ea1c 00000014 T png_set_swap_alpha
0011ea30 00000014 T png_set_invert_alpha
0011ea44 00000014 T png_set_invert_mono
0011ea58 000001f0 T png_do_invert
0011ec48 0000004c T png_do_swap
0011ec94 0000006c T png_do_packswap
0011ed00 0000022c T png_do_strip_channel
0011ef2c 0000013c T png_do_bgr
0011f068 000001cc T png_do_check_palette_indexes
0011f234 00000044 T png_set_user_transform_info
0011f278 0000000c T png_get_user_transform_ptr
0011f284 00000010 T png_get_current_row_number
0011f294 00000010 T png_get_current_pass_number
0011f2a4 00000614 t png_image_set_PLTE.isra.3
0011f8b8 00000270 T png_write_info_before_PLTE
0011fb28 000003d0 t png_write_info.part.5
0011fef8 00000010 T png_write_info
0011ff08 0000024c T png_write_end
00120154 00000040 T png_convert_from_struct_tm
00120194 00000060 T png_convert_from_time_t
001201f4 0000008c T png_create_write_struct
00120280 00000090 T png_create_write_struct_2
00120310 000003d0 T png_write_rows
001206e0 000003e0 T png_write_image
00120ac0 000003a0 T png_write_row
00120e60 000004b4 t png_write_image_8bit
00121314 00000254 t png_write_image_16bit
00121568 00000010 T png_set_flush
00121578 00000044 T png_write_flush
001215bc 000000b0 T png_destroy_write_struct
0012166c 000001ac T png_set_filter
00121818 000007f0 t png_image_write_main
00122008 00000004 T png_set_filter_heuristics
0012200c 00000004 T png_set_filter_heuristics_fixed
00122010 0000000c T png_set_compression_level
0012201c 0000000c T png_set_compression_mem_level
00122028 00000018 T png_set_compression_strategy
00122040 00000054 T png_set_compression_window_bits
00122094 00000030 T png_set_compression_method
001220c4 0000000c T png_set_text_compression_level
001220d0 0000000c T png_set_text_compression_mem_level
001220dc 0000000c T png_set_text_compression_strategy
001220e8 00000054 T png_set_text_compression_window_bits
0012213c 00000030 T png_set_text_compression_method
0012216c 0000000c T png_set_write_status_fn
00122178 00000018 T png_set_write_user_transform_fn
00122190 00000530 T png_write_png
001226c0 00000250 T png_image_write_to_stdio
00122910 00000140 T png_image_write_to_file
00122a50 00000778 T png_do_write_transformations
001231c8 00000164 t png_image_size
0012332c 00000140 t png_setup_paeth_row
0012346c 00000278 t png_deflate_claim
001236e4 00000174 t png_check_keyword
00123858 00000110 t png_write_complete_chunk
00123968 00000214 t png_text_compress
00123b7c 00000020 T png_save_uint_32
00123b9c 00000010 T png_save_uint_16
00123bac 0000005c T png_write_sig
00123c08 000000ac T png_write_chunk_start
00123cb4 0000003c T png_write_chunk_data
00123cf0 0000004c T png_write_chunk_end
00123d3c 0000012c T png_write_chunk
00123e68 00000038 T png_free_buffer_list
00123ea0 00000398 T png_write_IHDR
00124238 000001d0 T png_write_PLTE
00124408 0000043c T png_compress_IDAT
00124844 000000c8 T png_write_IEND
0012490c 00000100 T png_write_gAMA_fixed
00124a0c 00000108 T png_write_sRGB
00124b14 00000268 T png_write_iCCP
00124d7c 00000250 T png_write_sPLT
00124fcc 00000108 T png_write_sBIT
001250d4 00000154 T png_write_cHRM_fixed
00125228 000001d8 T png_write_tRNS
00125400 00000200 T png_write_bKGD
00125600 0000013c T png_write_hIST
0012573c 000001b0 T png_write_tEXt
001258ec 00000248 T png_write_zTXt
00125b34 000003c8 T png_write_iTXt
00125efc 00000128 T png_write_oFFs
00126024 00000310 T png_write_pCAL
00126334 000000a4 T png_write_sCAL_s
001263d8 0000014c T png_write_pHYs
00126524 0000009c T png_write_tIME
001265c0 00000154 T png_write_start_row
00126714 00000140 T png_write_finish_row
00126854 00000270 T png_do_write_interlace
00126ac4 000007d0 T png_write_find_filter
00127294 0000003c T png_default_write_data
001272d0 00000010 T png_default_flush
001272e0 00000020 T png_write_data
00127300 00000010 T png_flush
00127310 0000005c T png_set_write_fn
0012736c 00000448 T adler32
001277b4 000000bc T adler32_combine
00127870 000000bc T adler32_combine64
0012792c 00000214 t crc32_combine_
00127b40 0000000c T get_crc_table
00127b4c 000003b0 T crc32
00127efc 00000004 T crc32_combine
00127f00 00000004 T crc32_combine64
00127f04 000002a0 t longest_match
001281a4 00000330 t fill_window
001284d4 000005b0 t deflate_fast
00128a84 0000072c t deflate_slow
001291b0 000003d0 t deflate_stored
00129580 00000218 T deflateSetDictionary
00129798 000000d8 T deflateResetKeep
00129870 00000168 T deflateReset
001299d8 00000034 T deflateSetHeader
00129a0c 0000004c T deflatePending
00129a58 000000a8 T deflatePrime
00129b00 00000038 T deflateTune
00129b38 00000114 T deflateBound
00129c4c 00001850 T deflate
0012b49c 0000011c T deflateParams
0012b5b8 00000120 T deflateEnd
0012b6d8 000003c8 T deflateInit2_
0012baa0 00000340 T deflateInit_
0012bde0 00000204 T deflateCopy
0012bfe4 00000090 T inflateResetKeep
0012c074 0000009c T inflateReset
0012c110 00000120 T inflateReset2
0012c230 00000188 T inflateInit2_
0012c3b8 00000164 T inflateInit_
0012c51c 00000078 T inflatePrime
0012c594 00001e9c T inflate
0012e430 00000064 T inflateEnd
0012e494 00000098 T inflateGetDictionary
0012e52c 000001a8 T inflateSetDictionary
0012e6d4 0000003c T inflateGetHeader
0012e710 000002b8 T inflateSync
0012e9c8 00000040 T inflateSyncPoint
0012ea08 000001ac T inflateCopy
0012ebb4 00000030 T inflateUndermine
0012ebe4 00000058 T inflateMark
0012ec3c 00000bf4 T inflate_table
0012f830 000005c4 t send_tree
0012fdf4 00000438 t compress_block
0013022c 00000b34 t build_tree
00130d60 000000cc T _tr_init
00130e2c 00000194 T _tr_stored_block
00130fc0 0000009c T _tr_flush_bits
0013105c 00000184 T _tr_align
001311e0 00000b14 T _tr_flush_block
00131cf4 000000b8 T _tr_tally
00131dac 0000000c T zlibVersion
00131db8 00000008 T zlibCompileFlags
00131dc0 00000014 T zError
00131dd4 00000008 T zcalloc
00131ddc 00000008 T zcfree
00131de4 00000be4 T inflate_fast
001329c8 T initSystem
00132a0c T __ctru_exit
00132a2c t .udivsi3_skip_div0_test
00132a2c T __aeabi_uidiv
00132a2c 000001ec T __udivsi3
00132c18 00000020 T __aeabi_uidivmod
00132c38 T __aeabi_idiv
00132c38 00000220 T __divsi3
00132c40 t .divsi3_skip_div0_test
00132e58 00000020 T __aeabi_idivmod
00132e78 00000004 W __aeabi_idiv0
00132e78 00000004 W __aeabi_ldiv0
00132e7c 0000019c T __aeabi_frsub
00132e84 00000194 T __aeabi_fsub
00132e84 00000194 T __subsf3
00132e88 00000190 T __addsf3
00132e88 00000190 T __aeabi_fadd
00133018 00000028 T __aeabi_ui2f
00133018 00000028 T __floatunsisf
00133020 00000020 T __aeabi_i2f
00133020 00000020 T __floatsisf
00133040 0000008c T __aeabi_ul2f
00133040 0000008c T __floatundisf
00133050 0000007c T __aeabi_l2f
00133050 0000007c T __floatdisf
001330cc T __aeabi_uldivmod
00133108 00000014 T setjmp
0013311c 00000018 T longjmp
00133148 00000390 T strcmp
001334d0 t deregister_tm_clones
00133500 t register_tm_clones
00133538 t __do_global_dtors_aux
0013357c t frame_dummy
001335d8 00000034 T splitByte
0013360c 0000007c T patchByte
00133688 00000088 T cal_save
00133710 00000120 T save_import
00133830 00000124 T save_export
00133954 0000008c T save_backup
001339e0 000000d0 T guithread
00133ab0 0000004c T botreg
00133afc 00000098 T botreg2
00133b94 00000050 T topWait
00133be4 00000050 T botWait
00133c34 00000068 T topFail
00133c9c 00000050 T botFail
00133cec 00000060 T botDisplay
00133d4c 00000180 T topreg
00133ecc 00000034 t MyCallback
00133f00 000001b4 T HandleHIDRegion
001340b4 00000050 T openSwkdb
00134104 0000057c T HandleHIDOptions
00134680 00000224 T main
001348a4 0000011c t atlas_add_glyph
001349c0 0000005c t ftc_face_requester
00134a1c 00000040 T sftd_init
00134a5c 00000044 T sftd_fini
00134aa0 000000bc T sftd_load_font_mem
00134b5c 0000004c T sftd_free_font
00134ba8 00000254 T sftd_draw_text
00134dfc 00000060 T sftd_draw_textf
00134e5c 00000088 T texture_atlas_create
00134ee4 0000002c T texture_atlas_free
00134f10 00000110 T texture_atlas_insert
00135020 00000018 T texture_atlas_exists
00135038 00000070 T texture_atlas_get
001350a8 0000004c T bp2d_create
001350f4 00000034 T bp2d_free
00135128 0000015c T bp2d_insert
00135284 0000003c T int_htab_create
001352c0 0000004c T int_htab_free
0013530c 000000f8 T int_htab_insert
00135404 00000068 T int_htab_resize
0013546c 000000a0 T int_htab_find
0013550c 00000068 T FT_Init_FreeType
00135574 0000002c T FT_Done_FreeType
001355a0 00000034 t memory_stream_close
001355d4 00000024 t ft_raccess_sort_ref_by_id
001355f8 000000e0 t ft_trig_pseudo_polarize
001356d8 00000148 t FT_Outline_Get_Orientation.part.14
00135820 00000054 t FT_Stream_Skip.part.15
00135874 00000088 t FT_Outline_Done_Internal.part.23
001358fc 000000f4 t FT_Stream_New.part.19
001359f0 0000017c t _ft_face_scale_advances.isra.4.part.5
00135b6c 00000120 t FT_MulDiv.constprop.37
00135c8c 000000f0 t raccess_guess_vfat
00135d7c 000000ec t raccess_guess_linux_cap
00135e68 000000a8 t raccess_guess_darwin_hfsplus
00135f10 000000b4 t raccess_guess_darwin_newvfs
00135fc4 00000330 t open_face
001362f4 00000014 T FT_RoundFix
00136308 0000011c T FT_Hypot
00136424 00000154 T FT_MulDiv
00136578 00000138 T FT_MulDiv_No_Round
001366b0 00000020 T FT_MulFix
001366d0 000000f0 T FT_DivFix
001367c0 000000b4 T FT_Matrix_Invert
00136874 0000010c T FT_Matrix_Multiply_Scaled
00136980 00000080 T FT_Vector_Transform_Scaled
00136a00 000001a8 T FT_Vector_NormLen
00136ba8 00000118 T ft_corner_orientation
00136cc0 00000090 T ft_corner_is_flat
00136d50 00000034 T FT_GlyphLoader_Rewind
00136d84 000000e8 T FT_GlyphLoader_Reset
00136e6c 000000ec t ft_glyphslot_done
00136f58 000002a8 t destroy_face
00137200 0000023c t FT_Remove_Module.part.32
0013743c 00000078 T FT_GlyphLoader_Prepare
001374b4 0000021c T FT_GlyphLoader_Add
001376d0 00000060 T ft_service_list_lookup
00137730 00000018 T ft_validator_init
00137748 00000014 T ft_validator_error
0013775c 00000040 T FT_Stream_Free
0013779c 00000064 T ft_glyphslot_free_bitmap
00137800 00000060 T ft_glyphslot_set_bitmap
00137860 000000b0 T ft_glyphslot_alloc_bitmap
00137910 00000090 T FT_Done_GlyphSlot
001379a0 000000b8 T FT_Done_Face
00137a58 00000144 T FT_New_Size
00137b9c 00000124 T FT_Done_Size
00137cc0 00000130 T FT_Match_Size
00137df0 00000070 T ft_synthesize_vertical_metrics
00137e60 00000144 T FT_Select_Metrics
00137fa4 000003bc T FT_Request_Metrics
00138360 0000018c t FT_Request_Size.part.8
001384ec 0000006c T FT_Select_Size
00138558 0000003c T FT_Request_Size
00138594 0000009c T FT_Set_Char_Size
00138630 00000084 T FT_Set_Pixel_Sizes
001386b4 0000012c T FT_Get_Kerning
001387e0 00000114 T FT_Select_Charmap
001388f4 000000e8 T FT_Set_Charmap
001389dc 00000068 T FT_Get_Charmap_Index
00138a44 0000003c T FT_Get_Char_Index
00138a80 00000094 T FT_Get_Next_Char
00138b14 000000f0 T FT_Get_Glyph_Name
00138c04 0000003c T FT_Activate_Size
00138c40 00000074 T FT_Lookup_Renderer
00138cb4 00000118 T FT_Render_Glyph_Internal
00138dcc 0000006c T FT_Get_Module
00138e38 00000068 T FT_Get_Module_Interface
00138ea0 00000084 T ft_module_get_service
00138f24 00000084 T FT_New_Library
00138fa8 000001cc T FT_Done_Library
00139174 00000418 T FT_Outline_Decompose
0013958c 000000a8 T FT_Outline_Copy
00139634 000000bc T FT_Outline_Done
001396f0 00000090 T FT_Outline_Get_CBox
00139780 00000054 T FT_Outline_Translate
001397d4 000000a8 T FT_Vector_Transform
0013987c 000000e8 T FT_Outline_Transform
00139964 000006bc t FT_Load_Glyph.part.21
0013a020 00000020 T FT_Load_Glyph
0013a040 00000248 T FT_Get_Advance
0013a288 000003e4 T FT_Outline_EmboldenXY
0013a66c 00000020 T FT_Outline_Get_Orientation
0013a68c 00000110 T FT_Raccess_Guess
0013a79c 00000018 T FT_Stream_OpenMemory
0013a7b4 00000018 T FT_Stream_Close
0013a7cc 0000004c T FT_Stream_Seek
0013a818 00000064 T FT_Stream_Skip
0013a87c 00000008 T FT_Stream_Pos
0013a884 00000084 T FT_Stream_Read
0013a908 0000007c T FT_Stream_ReadAt
0013a984 00000070 T FT_Stream_TryRead
0013a9f4 00000128 T FT_Stream_ExtractFrame
0013ab1c 00000040 T FT_Stream_ReleaseFrame
0013ab5c 00000128 T FT_Stream_EnterFrame
0013ac84 00000044 T FT_Stream_ExitFrame
0013acc8 00000020 T FT_Stream_GetChar
0013ace8 00000030 T FT_Stream_GetUShort
0013ad18 00000030 T FT_Stream_GetUShortLE
0013ad48 00000044 T FT_Stream_GetULong
0013ad8c 00000028 T FT_Stream_GetULongLE
0013adb4 00000088 T FT_Stream_ReadChar
0013ae3c 00000094 T FT_Stream_ReadUShort
0013aed0 000003bc T FT_Raccess_Get_HeaderInfo
0013b28c 00000094 T FT_Stream_ReadUShortLE
0013b320 000000a4 T FT_Stream_ReadUOffset
0013b3c4 000000ac T FT_Stream_ReadULong
0013b470 00000124 t raccess_guess_apple_generic.isra.16
0013b594 00000188 t raccess_guess_darwin_ufs_export
0013b71c 00000180 t raccess_guess_linux_double
0013b89c 000001a0 t raccess_guess_linux_netatalk
0013ba3c 000001c4 t raccess_guess_apple_double
0013bc00 000001c4 t raccess_guess_apple_single
0013bdc4 0000008c T FT_Stream_ReadULongLE
0013be50 00000274 T FT_Stream_ReadFields
0013c0c4 00000060 T ft_mem_alloc
0013c124 00000168 T FT_New_GlyphSlot
0013c28c 00000300 T FT_Add_Module
0013c58c 000000e4 T FT_GlyphLoader_CreateExtra
0013c670 00000044 T ft_mem_qalloc
0013c6b4 00000148 T ft_mem_realloc
0013c7fc 00000220 T FT_GlyphLoader_CheckPoints
0013ca1c 00000088 T FT_GlyphLoader_CheckSubGlyphs
0013caa4 00000130 T FT_CMap_New
0013cbd4 0000046c T FT_Raccess_Get_DataOffsets
0013d040 000007d4 t IsMacResource
0013d814 000009b0 T FT_Open_Face
0013e1c4 0000003c T FT_New_Face
0013e200 00000048 T FT_New_Memory_Face
0013e248 00000160 t open_face_from_buffer
0013e3a8 00000414 t open_face_PS_from_sfnt_stream.isra.30
0013e7bc 0000013c T FT_Outline_New
0013e8f8 000000f4 T ft_mem_qrealloc
0013e9ec 00000010 T ft_mem_free
0013e9fc 00000088 T ft_mem_strdup
0013ea84 00000058 T ft_mem_strcpyn
0013eadc 00000044 T FT_List_Find
0013eb20 00000034 T FT_List_Add
0013eb54 00000090 T FT_List_Finalize
0013ebe4 00000034 t tt_get_kerning
0013ec18 00000108 t tt_face_get_location
0013ed20 00000090 t TT_Load_Glyph_Header
0013edb0 00000020 t tt_size_init
0013edd0 00000010 t tt_driver_init
0013ede0 00000004 t tt_driver_done
0013ede4 00000008 t Current_Ppem
0013edec 0000000c t Read_CVT
0013edf8 0000000c t Write_CVT
0013ee04 00000014 t Move_CVT
0013ee18 00000024 t Direct_Move_X
0013ee3c 00000028 t Direct_Move_Y
0013ee64 00000014 t Direct_Move_Orig_X
0013ee78 00000018 t Direct_Move_Orig_Y
0013ee90 00000018 t Round_None
0013eea8 000000f0 t SetSuperRound
0013ef98 00000044 t Project
0013efdc 00000044 t Dual_Project
0013f020 00000008 t Project_x
0013f028 00000008 t Project_y
0013f030 00000174 t Compute_Funcs
0013f1a4 000000a0 t SkipCode
0013f244 000002e8 t Ins_MIRP
0013f52c 00000128 t Ins_DELTAP
0013f654 0000029c t TT_Hint_Glyph
0013f8f0 00000048 t TT_Access_Glyph_Frame
0013f938 00000008 t TT_Forget_Glyph_Frame
0013f940 0000007c t Direct_Move_Orig
0013f9bc 0000009c t Direct_Move
0013fa58 0000016c t Compute_Point_Displacement
0013fbc4 000003c8 t Ins_IP
0013ff8c 00000168 t ft_var_readpackedpoints
001400f4 00000128 t ft_var_readpackeddeltas
0014021c 000000c0 t Read_CVT_Stretched
001402dc 000004b0 t TT_Load_Simple_Glyph
0014078c 0000000c t tt_slot_init
00140798 0000016c t tt_face_done
00140904 000004a0 t TT_Get_MM_Var
00140da4 000002d8 t TT_Load_Composite_Glyph
0014107c 00000034 t tt_property_get
001410b0 0000004c t tt_property_set
001410fc 00000134 t tt_get_metrics
00141230 00000054 t Ins_Goto_CodeRange.part.4
00141284 00000034 t Round_To_Grid
001412b8 00000038 t Round_To_Half_Grid
001412f0 0000002c t Round_Down_To_Grid
0014131c 00000034 t Round_Up_To_Grid
00141350 00000034 t Round_To_Double_Grid
00141384 0000006c t Round_Super
001413f0 00000068 t Round_Super_45
00141458 00000064 t Ins_JMPR.isra.18
001414bc 000000b0 t Move_Zp2_Point
0014156c 00000294 t Ins_MDRP.isra.49
00141800 00000134 t tt_delta_interpolate.part.52
00141934 00000180 t _iup_worker_interpolate.part.53
00141ab4 000000d8 t ft_var_apply_tuple.isra.55
00141b8c 000008bc t TT_Vary_Apply_Glyph_Deltas
00142448 000004c0 t tt_face_vary_cvt
00142908 000000fc t tt_face_load_cvt
00142a04 0000056c t TT_Set_MM_Blend
00142f70 00000498 t TT_Set_Var_Design
00143408 00000d48 t tt_face_init
00144150 00000074 t tt_get_interface
001441c4 00000050 t Normalize.part.59
00144214 00000144 t tt_get_advances
00144358 000000f0 t Ins_SxVTL
00144448 00000104 t Ins_UNKNOWN
0014454c 00000178 t tt_size_done
001446c4 000002a0 t TT_Load_Context
00144964 000000c0 t Write_CVT_Stretched
00144a24 000000bc t Current_Ppem_Stretched
00144ae0 000000c8 t Move_CVT_Stretched
00144ba8 000003e8 t tt_size_run_prep
00144f90 000001d8 t tt_size_select
00145168 000003f4 t tt_size_request
0014555c 00002fe4 T TT_RunIns
00148540 0000127c t load_truetype_glyph
001497bc 0000011c T TT_New_Context
001498d8 0000112c t tt_glyph_load
0014aa04 000000e4 t T1_Get_Multi_Master
0014aae8 000000c8 t T1_Set_MM_Blend
0014abb0 00000028 t parse_buildchar
0014abd8 00000010 t parse_private
0014abe8 00000010 t T1_GlyphSlot_Done
0014abf8 00000008 t T1_Driver_Init
0014ac00 00000004 t T1_Driver_Done
0014ac04 00000008 t t1_get_ps_name
0014ac0c 00000024 t t1_ps_get_font_info
0014ac30 00000010 t t1_ps_get_font_extra
0014ac40 00000008 t t1_ps_has_glyph_names
0014ac48 00000020 t t1_ps_get_font_private
0014ac68 00000030 t compare_kern_pairs
0014ac98 0000004c t T1_GlyphSlot_Init
0014ace4 000004f0 t t1_allocate_blend
0014b1d4 00000128 t parse_weight_vector
0014b2fc 00000190 t parse_blend_design_positions
0014b48c 000001d0 t parse_blend_design_map
0014b65c 000004d4 t parse_encoding
0014bb30 000005f8 t T1_Load_Glyph
0014c128 0000005c t t1_get_name_index
0014c184 0000012c t parse_blend_axis_types
0014c2b0 00000768 t t1_ps_get_font_value
0014ca18 00000108 t t1_parse_font_matrix
0014cb20 0000000c t Get_Interface
0014cb2c 000000cc t T1_Get_Track_Kerning
0014cbf8 00000024 t t1_get_glyph_name
0014cc1c 000000b8 t Get_Kerning
0014ccd4 0000006c t T1_Size_Done
0014cd40 00000094 t t1_get_index
0014cdd4 00000174 t T1_Done_Blend.isra.4
0014cf48 00000194 t T1_Face_Done
0014d0dc 0000044c t T1_Read_Metrics
0014d528 00000084 t T1_Size_Init
0014d5ac 000000a0 t T1_Size_Request
0014d64c 00000628 t T1_Get_MM_Var
0014dc74 000000e4 t check_type1_format
0014dd58 000001ec t T1_Set_MM_Design
0014df44 00000068 t T1_Set_Var_Design
0014dfac 00000270 t T1_Compute_Max_Advance
0014e21c 00000348 t parse_subrs
0014e564 00000278 t T1_Get_Advances
0014e7dc 00000180 t T1_Parse_Glyph
0014e95c 0000073c t parse_charstrings
0014f098 00000644 t parse_dict
0014f6dc 00000b50 t T1_Open_Face
0015022c 00000434 t T1_Face_Init
00150660 00000034 t cff_get_kerning
00150694 00000014 t cff_ps_has_glyph_names
001506a8 00000034 t cff_get_is_cid
001506dc 00000050 t cff_get_cid_from_glyph_index
0015072c 00000010 t cff_slot_done
0015073c 0000005c t cff_driver_init
00150798 0000001c t cff_cmap_encoding_init
001507b4 0000000c t cff_cmap_encoding_done
001507c0 00000018 t cff_cmap_encoding_char_index
001507d8 0000004c t cff_cmap_encoding_char_next
00150824 00000058 t cff_cmap_unicode_init
0015087c 00000014 t cff_cmap_unicode_char_index
00150890 00000014 t cff_cmap_unicode_char_next
001508a4 00000004 t cf2_free_instance
001508a8 0000013c t cf2_hintmap_map
001509e4 00000314 t cf2_hintmap_insertHint
00150cf8 000001fc t cf2_glyphpath_computeOffset
00150ef4 00000050 t cff_slot_init
00150f44 000003c4 t cff_parse_real
00151308 000000bc t cff_charset_compute_cids
001513c4 00000028 t cff_cmap_unicode_done
001513ec 00000090 t cff_get_cmap_info
0015147c 0000006c t cff_get_ps_name
001514e8 000000b8 t cff_get_name_index
001515a0 00000334 t cff_index_get_pointers
001518d4 00000060 t cff_index_get_sid_string
00151934 00000084 t cf2_stack_getReal
001519b8 000001a8 t cf2_hint_init.isra.47
00151b60 000001a0 t cff_index_init
00151d00 000001e4 t cf2_computeDarkening.part.60
00151ee4 000000b4 t cff_property_get
00151f98 0000012c t cff_property_set
001520c4 00000064 t cff_get_interface
00152128 00000004 t cff_driver_done
0015212c 000001d4 t cf2_builder_lineTo
00152300 00000264 t cf2_builder_cubeTo
00152564 00000090 t cff_size_done
001525f4 00000b64 t cff_size_init
00153158 00000148 t cff_size_select
001532a0 00000190 t cff_size_request
00153430 000000c0 t cf2_builder_moveTo
001534f0 000000f0 t cff_parse_num
001535e0 0000013c t do_fixed
0015371c 000002ac t cff_parse_font_matrix
001539c8 0000027c t cff_parser_run
00153c44 0000006c t cff_sid_to_glyph_name
00153cb0 00000358 t cff_face_done
00154008 00000250 t cff_index_access_element
00154258 00000274 t cff_subfont_load
001544cc 00000118 t cf2_getSeacComponent.isra.52
001545e4 00000098 t cff_get_glyph_name
0015467c 0000022c t cf2_glyphpath_hintPoint
001548a8 0000050c t cf2_glyphpath_pushPrevElem
00154db4 00000120 t cff_parse_private_dict
00154ed4 000002e0 t cff_parse_cid_ros
001551b4 00000f64 t cf2_hintmap_build
00156118 0000029c t cff_index_get_name
001563b4 00000138 t cff_get_ros
001564ec 00000440 t cff_parse_font_bbox
0015692c 00000334 t cf2_doStems.isra.61.constprop.75
00156c60 00000288 t cff_ps_get_font_info
00156ee8 000004d4 t cf2_glyphpath_lineTo
001573bc 0000075c t cf2_doFlex
00157b18 00000670 t cf2_glyphpath_curveTo
00158188 000017fc t cff_face_init
00159984 00003dd4 t cf2_interpT2CharString
0015d758 00000bb4 t cf2_decoder_parse_charstrings
0015e30c 00000cbc t cff_slot_load
0015efc8 00000050 t cff_glyph_load
0015f018 0000028c t cff_get_advances
0015f2a4 00000054 t parse_expansion_factor
0015f2f8 00000010 t cid_slot_done
0015f308 00000008 t cid_driver_init
0015f310 00000004 t cid_driver_done
0015f314 0000001c t cid_get_postscript_name
0015f330 00000024 t cid_ps_get_font_info
0015f354 00000014 t cid_ps_get_font_extra
0015f368 0000002c t cid_get_ros
0015f394 00000014 t cid_get_is_cid
0015f3a8 00000010 t cid_get_cid_from_glyph_index
0015f3b8 0000004c t cid_slot_init
0015f404 000003f0 t cid_load_glyph
0015f7f4 000003e0 t cid_slot_load_glyph
0015fbd4 00000148 t cid_face_done
0015fd1c 00000130 t cid_parse_font_matrix
0015fe4c 000000c4 t parse_fd_array
0015ff10 0000000c t cid_get_interface
0015ff1c 0000006c t cid_size_done
0015ff88 00000d74 t cid_face_open
00160cfc 000002a4 t cid_face_init
00160fa0 0000007c t cid_size_request
0016101c 00000090 t cid_size_init
001610ac 00000060 t pfr_cmap_init
0016110c 00000010 t pfr_cmap_done
0016111c 00000080 t pfr_cmap_char_index
0016119c 000000c0 t pfr_cmap_char_next
0016125c 00000294 t pfr_face_get_kerning
001614f0 000000c8 t pfr_extra_item_load_stem_snaps
001615b8 00000238 t pfr_extra_item_load_bitmap_info
001617f0 00000050 t pfr_slot_done
00161840 000000f8 t pfr_face_done
00161938 0000003c t pfr_slot_init
00161974 00000190 t pfr_extra_item_load_kerning_pairs
00161b04 00000078 t pfr_extra_item_load_font_id
00161b7c 000000d4 t pfr_aux_name_load
00161c50 0000000c t pfr_get_service
00161c5c 0000007c t pfr_get_metrics
00161cd8 00000048 t pfr_get_advance
00161d20 00000c50 t pfr_face_init
00162970 00000c98 t pfr_glyph_load_rec
00163608 00000ac8 t pfr_slot_load
001640d0 000002e0 t pfr_get_kerning
001643b0 00000004 t T42_Driver_Done
001643b4 00000008 t t42_get_ps_font_name
001643bc 00000024 t t42_ps_get_font_info
001643e0 00000010 t t42_ps_get_font_extra
001643f0 00000008 t t42_ps_has_glyph_names
001643f8 00000020 t t42_ps_get_font_private
00164418 00000054 t T42_Size_Select
0016446c 00000054 t T42_Size_Request
001644c0 00000008 t T42_GlyphSlot_Done
001644c8 0000004c t T42_GlyphSlot_Init
00164514 00000038 t T42_Size_Done
0016454c 00000038 t T42_Size_Init
00164584 00000124 t T42_Face_Done
001646a8 00000030 t T42_Driver_Init
001646d8 00000074 t t42_get_name_index
0016474c 0000051c t t42_parse_sfnts
00164c68 000000f8 t t42_parse_font_matrix
00164d60 0000000c t T42_Get_Interface
00164d6c 00000024 t t42_get_glyph_name
00164d90 00000030 t t42_is_space
00164dc0 00000498 t t42_parse_charstrings
00165258 0000048c t t42_parse_encoding
001656e4 0000015c t T42_GlyphSlot_Load
00165840 00000ab0 t T42_Face_Init
001662f0 0000002c t fnt_cmap_init
0016631c 0000001c t fnt_cmap_char_index
00166338 0000003c t fnt_cmap_char_next
00166374 00000024 t winfnt_get_header
00166398 00000048 t FNT_Size_Select
001663e0 000001f0 t FNT_Load_Glyph
001665d0 0000000c t winfnt_get_service
001665dc 000000bc t fnt_font_load
00166698 00000074 t FNT_Face_Done
0016670c 000000c4 t FNT_Size_Request
001667d0 00000bd0 t FNT_Face_Init
001673a0 00000020 t pcf_cmap_init
001673c0 00000010 t pcf_cmap_done
001673d0 00000088 t pcf_cmap_char_index
00167458 000000b4 t pcf_cmap_char_next
0016750c 0000001c t pcf_get_charset_id
00167528 00000044 t PCF_Size_Select
0016756c 000000c8 t PCF_Size_Request
00167634 000002d4 t PCF_Glyph_Load
00167908 00000140 t PCF_Face_Done
00167a48 0000000c t pcf_driver_requester
00167a54 00000054 t pcf_find_property.isra.0
00167aa8 00000094 t pcf_get_metric
00167b3c 0000008c t pcf_get_bdf_property
00167bc8 000001e0 t pcf_get_accel
00167da8 000015f8 t pcf_load_font
001693a0 000001c8 t PCF_Face_Init
00169568 00000024 t by_encoding
0016958c 00000024 t bdf_cmap_init
001695b0 00000010 t bdf_cmap_done
001695c0 0000008c t bdf_cmap_char_index
0016964c 000000bc t bdf_cmap_char_next
00169708 0000001c t bdf_get_charset_id
00169724 00000044 t BDF_Size_Select
00169768 00000138 t BDF_Glyph_Load
001698a0 0000000c t bdf_driver_requester
001698ac 000000e4 t _bdf_atos.constprop.8
00169990 000000c8 t _bdf_atous.constprop.9
00169a58 000000dc t _bdf_atol.constprop.10
00169b34 000000c0 t _bdf_atoul.constprop.11
00169bf4 000000cc t BDF_Size_Request
00169cc0 000002fc t bdf_free_font
00169fbc 00000090 t BDF_Face_Done
0016a04c 00000404 t _bdf_list_split
0016a450 000000b4 t bdf_get_font_property.part.3
0016a504 000000f4 t bdf_get_bdf_property
0016a5f8 00000280 t hash_insert
0016a878 00000f1c t _bdf_parse_glyphs
0016b794 00000a90 t _bdf_add_property.isra.5
0016c224 0000063c t _bdf_parse_properties
0016c860 000014e0 t BDF_Face_Init
0016dd40 00000f54 t _bdf_parse_start
0016ec94 0000000c t tt_cmap_init
0016eca0 00000018 t tt_cmap0_char_index
0016ecb8 0000003c t tt_cmap0_char_next
0016ecf4 00000024 t tt_cmap0_get_info
0016ed18 000000ec t tt_cmap2_char_index
0016ee04 00000024 t tt_cmap2_get_info
0016ee28 00000038 t tt_cmap4_init
0016ee60 00000150 t tt_cmap4_set_range
0016efb0 000000e0 t tt_cmap4_next
0016f090 000006fc t tt_cmap4_char_map_binary
0016f78c 00000024 t tt_cmap4_get_info
0016f7b0 00000044 t tt_cmap6_char_index
0016f7f4 000000c4 t tt_cmap6_char_next
0016f8b8 00000024 t tt_cmap6_get_info
0016f8dc 000000d8 t tt_cmap8_char_index
0016f9b4 00000170 t tt_cmap8_char_next
0016fb24 00000038 t tt_cmap8_get_info
0016fb5c 00000084 t tt_cmap10_char_index
0016fbe0 000000d4 t tt_cmap10_char_next
0016fcb4 00000038 t tt_cmap10_get_info
0016fcec 0000003c t tt_cmap12_init
0016fd28 00000144 t tt_cmap12_next
0016fe6c 000001a0 t tt_cmap12_char_map_binary
0017000c 00000024 t tt_cmap12_char_index
00170030 00000038 t tt_cmap12_get_info
00170068 0000003c t tt_cmap13_init
001700a4 000000fc t tt_cmap13_next
001701a0 00000194 t tt_cmap13_char_map_binary
00170334 00000024 t tt_cmap13_char_index
00170358 00000038 t tt_cmap13_get_info
00170390 00000040 t tt_cmap14_init
001703d0 00000008 t tt_cmap14_char_index
001703d8 0000000c t tt_cmap14_char_next
001703e4 00000014 t tt_cmap14_get_info
001703f8 0000000c t tt_get_cmap_info
00170404 00000244 t tt_face_get_kerning
00170648 0000002c t compare_offsets
00170674 00000094 t get_sfnt_table
00170708 0000009c t premultiply_data
001707a4 00000044 t convert_bytes_to_data
001707e8 00000004 t warning_callback
001707ec 00000394 t tt_sbit_decoder_load_byte_aligned
00170b80 00000270 t tt_sbit_decoder_load_bit_aligned
00170df0 00000270 t tt_cmap2_validate
00171060 0000047c t tt_cmap4_validate
001714dc 000000cc t tt_cmap6_validate
001715a8 00000304 t tt_cmap8_validate
001718ac 00000104 t tt_cmap10_validate
001719b0 000001f8 t tt_cmap12_validate
00171ba8 00000204 t tt_cmap13_validate
00171dac 00000400 t tt_cmap14_validate
001721ac 000000b8 t tt_name_entry_ascii_from_other
00172264 000000c4 t tt_name_entry_ascii_from_utf16
00172328 00000038 t tt_cmap14_done
00172360 000000cc t tt_face_free_ps_names
0017242c 0000007c t tt_face_free_name
001724a8 00000028 t sfnt_stream_close
001724d0 0000000c t sfnt_get_interface
001724dc 0000023c t tt_face_load_kern
00172718 00000028 t tt_face_free_sbit
00172740 000001ac t sfnt_done_face
001728ec 00000060 t tt_face_goto_table
0017294c 00000068 t tt_face_load_hmtx
001729b4 00000178 t tt_face_get_metrics
00172b2c 00000138 t tt_face_load_gasp
00172c64 00000290 t tt_face_get_name
00172ef4 000000b0 t tt_face_load_any
00172fa4 0000000c t tt_face_set_sbit_strike
00172fb0 000002a4 t tt_face_load_sbit
00173254 00000044 t tt_face_load_pclt
00173298 000001ac t tt_face_load_name
00173444 00000044 t tt_face_load_post
00173488 000000f4 t tt_face_load_maxp
0017357c 00000080 t tt_face_load_hhea
001735fc 00000030 t error_callback
0017362c 0000029c t tt_face_build_cmaps
001738c8 00000ac0 t sfnt_load_face
00174388 000002ac t tt_cmap4_char_next
00174634 00000058 t tt_cmap12_char_next
0017468c 00000058 t tt_cmap13_char_next
001746e4 00000078 t sfnt_table_info
0017475c 000000b4 t tt_cmap0_validate
00174810 0000004c t tt_face_load_cmap
0017485c 000004f8 t load_post_names
00174d54 00000170 t sfnt_get_glyph_name
00174ec4 0000026c t sfnt_get_ps_name
00175130 00000248 t tt_face_load_strike_metrics
00175378 000003d8 t tt_face_load_font_dir
00175750 00000044 t tt_face_load_head
00175794 000000f4 t tt_face_load_os2
00175888 00000434 t Load_SBit_Png.isra.17
00175cbc 000000a0 t tt_sbit_decoder_load_png
00175d5c 00000cfc t tt_face_load_sbit_image
00176a58 00000060 t read_data_from_FT_Stream
00176ab8 00000c34 t sfnt_init_face
001776ec 00000044 t tt_face_load_bhed
00177730 00000148 t tt_cmap2_char_next
00177878 000000c4 t tt_cmap14_variants
0017793c 000000e4 t tt_cmap14_get_nondef_chars
00177a20 000003cc t tt_face_find_bdf_prop
00177dec 00000124 t tt_cmap14_get_def_chars
00177f10 00000474 t tt_cmap14_variant_chars
00178384 000002e4 t tt_cmap14_char_variants
00178668 000002e8 t tt_cmap14_char_var_index
00178950 000002e4 t tt_cmap14_char_var_isdefault
00178c34 000001c8 t sfnt_get_name_index
00178dfc 000001a8 t tt_cmap4_char_index
00178fa4 00000168 t tt_face_get_ps_name
0017910c 000003ac t sfnt_get_charset_id
001794b8 00000a38 t tt_sbit_decoder_load_compound
00179ef0 000001d0 t af_sort_and_quantize_widths
0017a0c0 00000038 t af_dummy_hints_init
0017a0f8 0000001c t af_latin_get_standard_widths
0017a114 00000298 t af_latin_hints_link_segments
0017a3ac 0000009c t af_latin_hints_init
0017a448 0000008c t af_cjk_hints_init
0017a4d4 00000074 t af_cjk_snap_width
0017a4d4 00000074 t af_latin_snap_width
0017a548 0000001c t af_indic_get_standard_widths
0017a564 0000006c t af_autofitter_init
0017a5d0 00000004 t af_autofitter_done
0017a5d4 00000174 t af_warper_compute_line_best
0017a748 000007ec t af_glyph_hints_reload
0017af34 0000058c t af_latin_hints_compute_segments
0017b4c0 000001b8 t af_axis_hints_new_edge
0017b678 00000338 t af_warper_compute
0017b9b0 00000214 t af_glyph_hints_align_strong_points
0017bbc4 000000b4 t af_face_globals_free
0017bc78 0000000c t af_get_interface
0017bc84 00000090 t af_glyph_hints_scale_dim.isra.3
0017bd14 000001c0 t af_latin_compute_stem_width.isra.4
0017bed4 0000004c t af_latin_align_linked_edge
0017bf20 00000154 t af_cjk_compute_stem_width.isra.6
0017c074 00000198 t af_hint_normal_stem
0017c20c 000000e0 t af_iup_interp.part.11
0017c2ec 00000204 t af_glyph_hints_align_weak_points
0017c4f0 000007d0 t af_cjk_hints_detect_features
0017ccc0 00000214 t af_loader_compute_darkening.isra.13
0017ced4 0000030c t af_cjk_metrics_scale
0017d1e0 00000004 t af_indic_metrics_scale
0017d1e4 0000001c t af_cjk_get_standard_widths
0017d200 00000494 t af_latin_metrics_scale
0017d694 00000488 t af_cjk_metrics_init_blues
0017db1c 000009e0 t af_latin_metrics_init_blues
0017e4fc 0000008c t af_indic_hints_init
0017e588 00000448 t af_latin_metrics_init_widths
0017e9d0 000000ec t af_latin_metrics_init
0017eabc 00000090 t af_dummy_hints_apply
0017eb4c 0000042c t af_face_globals_new
0017ef78 00000a70 t af_autofitter_load_glyph
0017f9e8 0000020c t af_property_get
0017fbf4 00000224 t af_property_set
0017fe18 00000b60 t af_cjk_hints_apply
00180978 00000004 t af_indic_hints_apply
0018097c 00000444 t af_cjk_metrics_init_widths
00180dc0 000000ec t af_cjk_metrics_init
00180eac 000000e8 t af_indic_metrics_init
00180f94 00002234 t af_latin_hints_apply
001831c8 0000002c t t1_hints_open
001831f4 0000002c t t2_hints_open
00183220 00000008 t pshinter_get_globals_funcs
00183228 00000008 t pshinter_get_t1_funcs
00183230 00000008 t pshinter_get_t2_funcs
00183238 000000d8 t ps_hinter_init
00183310 0000002c t psh_globals_destroy
0018333c 0000013c t psh_blues_set_zones_0.isra.5
00183478 000001ac t psh_blues_set_zones
00183624 00000278 t psh_globals_new
0018389c 00000138 t psh_hint_table_activate_mask.isra.9
001839d4 000002d8 t psh_hint_table_find_strong_points.isra.12
00183cac 00000594 t psh_hint_align
00184240 000001b4 t ps_hinter_done
001843f4 00000414 t ps_mask_table_merge_all
00184808 00000078 t ps_hints_close
00184880 000003a4 t psh_hint_table_init.isra.14
00184c24 000004a8 t psh_globals_set_scale
001850cc 000013d0 T ps_hints_apply
0018649c 0000013c t ps_hints_t1reset
001865d8 00000234 t ps_dimension_set_mask_bits
0018680c 00000230 t ps_dimension_add_t1stem.constprop.29
00186a3c 00000064 t t1_hints_stem
00186aa0 00000250 t t2_hints_stems
00186cf0 000006ac t ps_hints_t1stem3
0018739c 00000264 t ps_hints_t2counter
00187600 00000280 t ps_hints_t2mask
00187880 000000d4 t New_Profile
00187954 000000d0 t End_Profile
00187a24 000000a0 t Insert_Y_Turn
00187ac4 00000088 t Split_Conic
00187b4c 000000e8 t Split_Cubic
00187c34 00000204 t Bezier_Up
00187e38 00000094 t Bezier_Down
00187ecc 000001b0 t Conic_To
0018807c 000001d4 t Cubic_To
00188250 000000b0 t Sort
00188300 00000034 t Vertical_Sweep_Init
00188334 00000114 t Vertical_Sweep_Span
00188448 000001ac t Vertical_Sweep_Drop
001885f4 00000014 t Vertical_Sweep_Step
00188608 00000004 t Horizontal_Sweep_Init
0018860c 00000088 t Horizontal_Sweep_Span
00188694 000001e4 t Horizontal_Sweep_Drop
00188878 00000004 t Horizontal_Sweep_Step
0018887c 00000004 t ft_black_reset
00188880 00000008 t ft_black_set_mode
00188888 0000002c t ft_raster1_init
001888b4 00000014 t ft_raster1_set_mode
001888c8 0000000c t ft_black_done
001888d4 000001d8 t Line_Up
00188aac 00000258 t Line_To
00188d04 00000aa4 t Render_Single_Pass
001897a8 00000294 t ft_black_render
00189a3c 00000040 t ft_black_new
00189a7c 00000034 t ft_raster1_get_cbox
00189ab0 000001f0 t ft_raster1_render
00189ca0 00000054 t ft_raster1_transform
00189cf4 0000015c t gray_hline
00189e50 00000004 t gray_raster_reset
00189e54 00000008 t gray_raster_set_mode
00189e5c 0000002c t ft_smooth_init
00189e88 00000014 t ft_smooth_set_mode
00189e9c 0000000c t gray_raster_done
00189ea8 000000d8 t gray_render_span
00189f80 00000040 t gray_raster_new
00189fc0 00000034 t ft_smooth_get_cbox
00189ff4 0000033c t ft_smooth_render_lcd
0018a330 00000140 t gray_convert_glyph_inner
0018a470 000006d4 t gray_raster_render
0018ab44 00000054 t ft_smooth_transform
0018ab98 00000148 t gray_set_cell
0018ace0 00000178 t gray_move_to
0018ae58 00000634 t gray_render_line
0018b48c 000002cc t gray_cubic_to
0018b758 000001a8 t gray_conic_to
0018b900 000002b4 t ft_smooth_render
0018bbb4 0000035c t ft_smooth_render_lcd_v
0018bf10 00000634 t gray_line_to
0018c544 00000014 t ftc_face_node_compare
0018c558 00000008 t ftc_cmap_node_weight
0018c560 00000020 t ftc_cmap_node_remove_faceid
0018c580 00000034 t ftc_gnode_compare
0018c5b4 00000068 t ftc_inode_weight
0018c61c 0000004c t ftc_snode_weight
0018c668 00000098 t ftc_basic_family_compare
0018c700 0000003c t ftc_basic_family_init
0018c73c 00000068 t ftc_cmap_node_new
0018c7a4 000001a8 t FTC_MruList_New
0018c94c 00000010 t ftc_cmap_node_free
0018c95c 00000010 t ftc_size_node_done
0018c96c 0000019c t ftc_cache_resize
0018cb08 00000104 t ftc_node_destroy
0018cc0c 0000011c t ftc_cache_done
0018cd28 00000048 t ftc_cache_init
0018cd70 00000050 t ftc_cmap_node_compare
0018cdc0 00000094 t ftc_size_node_compare
0018ce54 0000004c t ftc_face_node_init
0018cea0 00000088 t ftc_gcache_init
0018cf28 00000240 t FTC_Cache_NewNode
0018d168 00000078 t ftc_gcache_done
0018d1e0 00000140 t ftc_face_node_done
0018d320 00000164 t ftc_size_node_init
0018d484 0000016c t ftc_size_node_reset
0018d5f0 000000bc t ftc_basic_family_get_count
0018d6ac 00000158 t ftc_basic_family_load_bitmap
0018d804 00000190 t ftc_basic_family_load_glyph
0018d994 00000338 t ftc_snode_compare
0018dccc 000000d0 t ftc_inode_free
0018dd9c 000000e8 t ftc_snode_free
0018de84 00000148 t ftc_inode_new
0018dfcc 0000035c t ftc_snode_new
0018e328 000000b8 t ftc_basic_gnode_compare_faceid
0018e3e0 000000c8 T FTC_Manager_LookupFace
0018e4a8 00000108 T FTC_Manager_New
0018e5b0 00000158 T FTC_Manager_Done
0018e708 000002d0 T FTC_Manager_RemoveFaceID
0018e9d8 000000fc T FTC_CMapCache_New
0018ead4 000002b0 T FTC_CMapCache_Lookup
0018ed84 000000fc T FTC_ImageCache_New
0018ee80 000003c4 T FTC_ImageCache_LookupScaler
0018f244 00000004 t ft_gzip_free
0018f248 0000001c t ft_gzip_alloc
0018f264 0000007c t ft_gzip_stream_close
0018f2e0 00000114 t ft_gzip_file_fill_output
0018f3f4 0000014c t ft_gzip_file_io
0018f540 00000008 t ft_gzip_stream_io
0018f548 000005a4 T FT_Stream_OpenGzip
0018faec 00000100 T FT_Gzip_Uncompress
0018fbec 0000017c t ft_lzwstate_get_code
0018fd68 000000a4 t ft_lzw_stream_close
0018fe0c 00000f74 t ft_lzw_stream_io
00190d80 000001ec T FT_Stream_OpenLZW
00190f6c 00000234 t skip_literal_string
001911a0 0000004c t ps_parser_init
001911ec 00000004 t ps_parser_done
001911f0 0000002c t t1_builder_done
0019121c 000000e0 t t1_builder_close_contour
001912fc 0000002c t t1_decoder_done
00191328 00000018 t t1_cmap_std_done
00191340 00000038 t t1_cmap_standard_init
00191378 00000038 t t1_cmap_expert_init
001913b0 0000002c t t1_cmap_custom_init
001913dc 00000014 t t1_cmap_custom_done
001913f0 00000034 t t1_cmap_custom_char_index
00191424 00000080 t t1_cmap_custom_char_next
001914a4 0000000c t psaux_get_glyph_name
001914b0 00000040 t t1_cmap_unicode_init
001914f0 00000010 t t1_cmap_unicode_char_index
00191500 00000010 t t1_cmap_unicode_char_next
00191510 00000030 t afm_compare_kern_pairs
00191540 000001d0 t PS_Conv_Strtol
00191710 00000058 t t1_decrypt
00191768 0000005c t ps_table_release
001917c4 0000001c t afm_parser_done
001917e0 00000028 t t1_cmap_unicode_done
00191808 000000a4 t ps_table_done
001918ac 00000060 t afm_parser_init
0019190c 000000d8 t ps_table_new
001919e4 00000068 t t1_builder_add_point
00191a4c 000000a4 t t1_builder_add_contour
00191af0 000000b0 t t1_builder_init
00191ba0 00000098 t t1_lookup_glyph_by_stdcharcode
00191c38 000000a0 t afm_tokenize
00191cd8 000000e4 t afm_stream_read_one
00191dbc 00000158 t ps_table_add
00191f14 0000008c t t1_cmap_std_char_index
00191fa0 000000b4 t t1_cmap_std_char_next
00192054 00000048 t t1_builder_check_points
0019209c 00000124 t t1_decoder_init
001921c0 000000d0 t afm_stream_read_string
00192290 000001c4 t PS_Conv_ToInt
00192454 00000394 t PS_Conv_ToFixed
001927e8 000001d8 t skip_procedure
001929c0 00000268 t afm_parser_read_vals
00192c28 0000023c t afm_parser_read_vals.constprop.7
00192e64 00000138 t afm_parser_next_key.isra.1.constprop.9
00192f9c 0000019c t ps_tofixedarray
00193138 000000a4 t t1_builder_add_point1
001931dc 00000094 t ps_parser_skip_spaces
00193270 00000260 t ps_parser_to_int
001934d0 00000098 t ps_parser_to_fixed
00193568 00000224 t ps_parser_to_coord_array
0019378c 000000a8 t ps_parser_to_fixed_array
00193834 000001e8 t ps_parser_to_bytes
00193a1c 00000154 t t1_builder_start_point.part.4
00193b70 00000168 t t1_builder_start_point
00193cd8 00000340 t ps_parser_skip_PS_token
00194018 00000318 t ps_parser_to_token
00194330 0000039c t ps_parser_to_token_array
001946cc 000005b4 t ps_parser_load_field
00194c80 000001ec t ps_parser_load_field_table
00194e6c 00000b48 t afm_parser_parse
001959b4 000018f8 t t1_decoder_parse_charstrings
001972ac 00000038 t compare_uni_maps
001972e4 000000a0 t ps_unicodes_char_index
00197384 000000d0 t ps_unicodes_char_next
00197454 00000030 t ps_get_macintosh_name
00197484 00000030 t ps_get_standard_strings
001974b4 0000000c t psnames_get_service
001974c0 0000017c t ft_get_adobe_glyph_index.part.0
0019763c 0000022c t ps_unicode_value
00197868 00000478 t ps_unicodes_init
00197ce0 00000024 t ft_ansi_stream_close
00197d04 00000070 t ft_ansi_stream_io
00197d74 00000008 t ft_alloc
00197d7c 00000008 t ft_free
00197d84 0000000c t ft_realloc
00197d90 000000c4 T FT_Stream_Open
00197e54 00000044 T FT_New_Memory
00197e98 00000004 T FT_Done_Memory
00197e9c 00000028 T FT_Bitmap_Init
00197ec4 000001ac T FT_Bitmap_Copy
00198070 00000574 T FT_Bitmap_Convert
001985e4 00000054 T FT_Bitmap_Done
00198638 00000030 t ft_bitmap_glyph_bbox
00198668 00000038 t ft_outline_glyph_prepare
001986a0 00000024 t ft_bitmap_glyph_copy
001986c4 0000000c t ft_bitmap_glyph_done
001986d0 00000090 t ft_bitmap_glyph_init
00198760 00000008 t ft_outline_glyph_bbox
00198768 00000034 t ft_outline_glyph_transform
0019879c 0000003c t ft_outline_glyph_copy
001987d8 00000058 t ft_outline_glyph_init
00198830 0000000c t ft_outline_glyph_done
0019883c 00000120 T FT_Get_Glyph
0019895c 00000034 T FT_Done_Glyph
00198990 00000094 t png_colorspace_endpoints_match.part.0
00198a24 00000074 t png_gamma_8bit_correct.part.15
00198a98 00000048 T sf2d_fini
00198ae0 000000a0 T sf2d_start_frame_target
00198b80 00000038 T sf2d_start_frame
00198bb8 000000b0 T sf2d_swapbuffers
00198c68 00000010 T sf2d_set_vblank_wait
00198c78 00000040 T sf2d_pool_memalign
00198cb8 00000038 T sf2d_set_clear_color
00198cf0 000001ac t sf2d_init_advanced.part.0
00198e9c 00000028 T sf2d_init
00198ec4 00000094 T sf2d_setup_env_internal
00198f58 000000bc T sf2d_draw_rectangle
00199014 0000013c T sf2d_create_texture
00199150 00000094 T sf2d_create_rendertarget
001991e4 00000020 T sf2d_free_texture
00199204 00000014 T sf2d_clear_target
00199218 00000060 T sf2d_bind_texture_color
00199278 00000008 T sf2d_texture_set_params
00199280 0000016c T sf2d_draw_texture_part_scale_blend
001993ec 00000090 T sf2d_set_pixel
0019947c 00000110 T sf2d_texture_tile32
0019958c 00000028 T AttrInfo_Init
001995b4 000000ac T AttrInfo_AddLoader
00199660 00000024 T C3D_GetAttrInfo
00199684 00000080 T C3Di_AttrInfoBind
00199704 000000c4 t C3Di_SplitFrame.part.1
001997c8 00000004 W C3Di_LightEnvUpdate
001997cc 00000004 W C3Di_LightEnvDirty
001997d0 00000004 W C3Di_ProcTexUpdate
001997d4 00000004 W C3Di_ProcTexDirty
001997d8 00000090 t C3Di_AptEventHook
00199868 00000214 T C3D_Init
00199a7c 00000098 T C3D_SetViewport
00199b14 000004b4 T C3Di_UpdateContext
00199fc8 00000020 T C3Di_SplitFrame
00199fe8 00000064 T C3D_Fini
0019a04c 0000010c T C3D_BindProgram
0019a158 00000020 T BufInfo_Init
0019a178 00000084 T BufInfo_Add
0019a1fc 00000024 T C3D_GetBufInfo
0019a220 00000048 T C3Di_BufInfoBind
0019a268 00000148 T C3D_DrawArrays
0019a3b0 00000040 T C3D_DepthMap
0019a3f0 0000001c T C3D_CullFace
0019a40c 00000040 T C3D_StencilTest
0019a44c 00000024 T C3D_StencilOp
0019a470 0000001c T C3D_BlendingColor
0019a48c 00000024 T C3D_EarlyDepthTest
0019a4b0 0000002c T C3D_DepthTest
0019a4dc 0000002c T C3D_AlphaTest
0019a508 00000050 T C3D_AlphaBlend
0019a558 00000030 T C3D_FragOpMode
0019a588 00000044 T C3D_FragOpShadow
0019a5cc 00000174 T C3Di_EffectBind
0019a740 0000001c T C3D_CalcColorBufSize
0019a75c 0000001c T C3D_CalcDepthBufSize
0019a778 00000044 T C3D_SetFrameBuf
0019a7bc 00000168 T C3Di_FrameBufBind
0019a924 000000e4 T C3D_FrameBufClear
0019aa08 0000004c T C3D_FrameBufTransfer
0019aa54 000000b4 T C3D_ImmSendAttrib
0019ab08 00000080 t C3Di_RenderTargetDestroy
0019ab88 000000d0 t onVBlank1
0019ac58 000001c4 t onVBlank0
0019ae1c 0000000c t C3Di_RenderTargetNew
0019ae28 00000070 t checkRenderQueueInit.part.1
0019ae98 00000088 t C3Di_WaitAndClearQueue
0019af20 000000bc t onQueueFinish
0019afdc 0000003c t C3D_FrameSplit.part.5
0019b018 00000030 T C3D_FrameSync
0019b048 000000a0 T C3Di_RenderQueueExit
0019b0e8 00000020 T C3Di_RenderQueueWaitDone
0019b108 00000080 T C3D_FrameBegin
0019b188 00000048 T C3D_FrameDrawOn
0019b1d0 00000194 T C3D_FrameEnd
0019b364 00000158 T C3D_RenderTargetCreate
0019b4bc 00000038 T C3D_RenderTargetSetClear
0019b4f4 0000004c T C3D_RenderTargetSetOutput
0019b540 00000034 T TexEnv_Init
0019b574 00000034 T C3D_GetTexEnv
0019b5a8 00000024 T C3Di_TexEnvBind
0019b5cc 00000280 T C3D_TexInitWithParams
0019b84c 00000048 T C3D_TexBind
0019b894 00000084 T C3D_TexDelete
0019b918 00000174 T C3Di_SetTex
0019ba8c 000002b8 T C3D_UpdateUniforms
0019bd44 000000c0 T C3Di_DirtyUniforms
0019be04 000000e8 T C3Di_LoadShaderUniforms
0019beec 00000028 T C3Di_ClearShaderUniforms
0019bf14 000000c8 T Mtx_OrthoTilt
0019bfdc 00000024 t addrMapNodeComparator(rbtree_node const*, rbtree_node const*)
0019c000 00000004 t addrMapNodeDestructor(rbtree_node*)
0019c004 0000013c T linearMemAlign
0019c140 00000008 T linearAlloc
0019c148 00000050 T linearFree
0019c198 00000098 T MemPool::CoalesceRight(MemBlock*)
0019c230 00000178 T MemPool::Allocate(MemChunk&, unsigned long, int)
0019c3a8 00000100 T MemPool::Deallocate(MemChunk const&)
0019c4a8 00000024 t addrMapNodeComparator(rbtree_node const*, rbtree_node const*)
0019c4cc 00000004 t addrMapNodeDestructor(rbtree_node*)
0019c4d0 0000012c T vramMemAlign
0019c5fc 00000008 T vramAlloc
0019c604 00000050 T vramFree
0019c654 0000008c t gfxSetFramebufferInfo.part.0
0019c6e0 00000010 T gfxSet3D
0019c6f0 00000010 T gfxIs3D
0019c700 00000018 T __get_bytes_per_pixel
0019c718 00000180 T gfxSetScreenFormat
0019c898 00000070 T gfxSetFramebufferInfo
0019c908 000000b0 T gfxWriteFramebufferInfo
0019c9b8 0000020c T gfxInit
0019cbc4 00000010 T gfxInitDefault
0019cbd4 000000e0 T gfxExit
0019ccb4 000000bc T gfxGetFramebuffer
0019cd70 00000060 T gfxConfigScreen
0019cdd0 00000058 t getSysTime
0019ce28 0000004c T osConvertVirtToPhys
0019ce74 00000024 T osGetMemRegionUsed
0019ce98 000000f4 T __libctru_gtod
0019cf90 00000078 T osGetTime
0019d008 00000034 T __ctru_speedup_config
0019d03c 0000001c t threadFree.part.0
0019d058 000001bc T threadCreate
0019d214 00000024 T threadJoin
0019d238 00000064 T threadExit
0019d29c 00000040 t _thread_begin
0019d2dc 00000138 T GPUCMD_Add
0019d414 000000b4 T GPUCMD_Split
0019d4c8 00000044 T f32tof16
0019d50c 00000044 T f32tof24
0019d550 00000040 T f32tof31
0019d590 00000038 t submitGxCommand
0019d5c8 00000010 T GX_BindQueue
0019d5d8 00000050 T GX_ProcessCommandList
0019d628 00000054 T GX_MemoryFill
0019d67c 00000048 T GX_DisplayTransfer
0019d6c4 00000074 t gxCmdQueueDoCommands.part.0
0019d738 000000c0 T gxCmdQueueInterrupt
0019d7f8 00000050 T gxCmdQueueClear
0019d848 00000104 T gxCmdQueueAdd
0019d94c 00000080 T gxCmdQueueRun
0019d9cc 00000060 T gxCmdQueueStop
0019da2c 00000084 T gxCmdQueueWait
0019dab0 000001f4 T shaderInstanceInit
0019dca4 00000034 T shaderInstanceFree
0019dcd8 00000018 T shaderInstanceGetUniformLocation
0019dcf0 00000018 T shaderProgramInit
0019dd08 0000002c T shaderProgramFree
0019dd34 0000006c T shaderProgramSetVsh
0019dda0 00000894 T shaderProgramConfigure
0019e634 00000038 T DVLB_Free
0019e66c 00000078 T DVLE_GetUniformRegister
0019e6e4 000001ec T DVLE_GenerateOutmap
0019e8d0 000001c0 T DVLB_ParseFile
0019ea90 00000004 W _aptDebug
0019ea94 00000138 T aptSendCommand
0019ebcc 0000003c t aptExitProcess
0019ec08 00000034 T aptHook
0019ec3c 0000002c T aptUnhook
0019ec68 0000001c T aptSetMessageCallback
0019ec84 0000004c T APT_InquireNotification
0019ecd0 0000019c t aptEventHandler
0019ee6c 00000074 T APT_AppletUtility
0019eee0 000000b4 T aptSetSleepAllowed
0019ef94 000000b4 T APT_GlanceParameter
0019f048 000000c0 T APT_ReceiveParameter
0019f108 000000bc t aptReceiveParameter.constprop.0
0019f1c8 000001ec t aptScreenTransfer
0019f3b4 00000228 t aptWaitForWakeUp
0019f5dc 00000058 T APT_SendParameter
0019f634 00000070 T APT_CancelParameter
0019f6a4 0000027c T aptInit
0019f920 00000090 t aptClearParamQueue
0019f9b0 00000210 T aptMainLoop
0019fbc0 0000021c T aptExit
0019fddc 000000dc T aptLaunchLibraryApplet
0019feb8 0000007c T APT_CheckNew3DS
0019ff34 00000028 t fsSessionForArchive.part.0
0019ff5c 000000cc T fsInit
001a0028 0000003c T fsExit
001a0064 000000a0 T fsExemptFromSession
001a0104 00000050 T fsUnexemptFromSession
001a0154 00000088 T fsMakePath
001a01dc 000000bc T FSUSER_OpenFile
001a0298 000000a4 T FSUSER_DeleteFile
001a033c 000000e0 T FSUSER_RenameFile
001a041c 000000a4 T FSUSER_DeleteDirectory
001a04c0 000000bc T FSUSER_CreateFile
001a057c 000000ac T FSUSER_CreateDirectory
001a0628 000000e0 T FSUSER_RenameDirectory
001a0708 000000a4 T FSUSER_OpenDirectory
001a07ac 00000098 T FSUSER_OpenArchive
001a0844 00000074 T FSUSER_CloseArchive
001a08b8 00000078 T FSUSER_GetSdmcArchiveResource
001a0930 00000064 T FSUSER_IsSdmcWritable
001a0994 0000005c T FSFILE_Read
001a09f0 00000064 T FSFILE_Write
001a0a54 0000003c T FSFILE_GetSize
001a0a90 0000002c T FSFILE_SetSize
001a0abc 0000003c T FSFILE_Close
001a0af8 00000024 T FSFILE_Flush
001a0b1c 00000054 T FSDIR_Read
001a0b70 0000003c T FSDIR_Close
001a0bac 00000074 T gspInit
001a0c20 0000003c T gspExit
001a0c5c 00000034 T gspSetEventCallback
001a0c90 000000a0 T gspInitEventHandler
001a0d30 00000040 T gspExitEventHandler
001a0d70 00000044 T gspWaitForEvent
001a0db4 0000006c T gspWaitForAnyEvent
001a0e20 0000017c t gspEventThreadMain
001a0f9c 00000124 T gspSubmitGxCommand
001a10c0 0000006c T GSPGPU_SetBufferSwap
001a112c 0000004c T GSPGPU_FlushDataCache
001a1178 00000034 T GSPGPU_SetLcdForceBlack
001a11ac 00000064 T GSPGPU_RegisterInterruptRelayQueue
001a1210 0000002c T GSPGPU_UnregisterInterruptRelayQueue
001a123c 00000048 T GSPGPU_AcquireRight
001a1284 0000002c T GSPGPU_ReleaseRight
001a12b0 00000080 T GSPGPU_ImportDisplayCaptureInfo
001a1330 0000002c T GSPGPU_SaveVramSysArea
001a135c 0000002c T GSPGPU_RestoreVramSysArea
001a1388 000000d0 T hidExit
001a1458 00000268 T hidScanInput
001a16c0 00000010 T hidKeysDown
001a16d0 00000090 T HIDUSER_GetHandles
001a1760 000001ac T hidInit
001a190c 000000ac T irrstScanInput
001a19b8 00000024 T irrstKeysHeld
001a19dc 00000050 T IRRST_GetHandles
001a1a2c 0000015c T irrstInit
001a1b88 0000002c T IRRST_Shutdown
001a1bb4 000000ac T irrstExit
001a1c60 00000074 T ptmSysmInit
001a1cd4 0000003c T ptmSysmExit
001a1d10 00000034 T PTMSYSM_ConfigureNew3DSCPU
001a1d44 00000024 t swkbdConvertToUTF16.part.0
001a1d68 0000016c t swkbdMessageCallback
001a1ed4 00000078 T swkbdInit
001a1f4c 00000014 T swkbdSetFilterCallback
001a1f60 00000380 T swkbdInputText
001a22e0 00000070 T rbtree_find
001a2350 00000014 T rbtree_init
001a2364 0000018c t do_insert
001a24f0 00000008 T rbtree_insert
001a24f8 00000324 T rbtree_remove
001a281c 00000094 T rbtree_rotate
001a28b0 000000e8 T utf16_to_utf8
001a2998 000000c0 T utf8_to_utf16
001a2a58 00000058 t osGetMemRegionSize
001a2ab0 00000104 W __system_allocateHeaps
001a2bb4 000000e8 T __system_initArgv
001a2c9c 00000038 W __libctru_init
001a2cd4 00000030 t __ctru_get_reent
001a2d04 000000e4 T __system_initSyscalls
001a2de8 T svcControlMemory
001a2e08 T svcExitProcess
001a2e10 T svcCreateThread
001a2e30 T svcExitThread
001a2e38 T svcSleepThread
001a2e40 T svcReleaseMutex
001a2e48 T svcCreateEvent
001a2e5c T svcSignalEvent
001a2e64 T svcClearEvent
001a2e6c T svcCreateMemoryBlock
001a2e84 T svcMapMemoryBlock
001a2e8c T svcUnmapMemoryBlock
001a2e94 T svcCreateAddressArbiter
001a2ea8 T svcArbitrateAddress
001a2ec0 T svcCloseHandle
001a2ec8 T svcWaitSynchronization
001a2ed0 T svcWaitSynchronizationN
001a2ef8 T svcDuplicateHandle
001a2f0c T svcGetSystemTick
001a2f14 T svcGetSystemInfo
001a2f2c T svcConnectToPort
001a2f40 T svcSendSyncRequest
001a2f48 T svcBreak
001a2f50 00000024 t addrMapNodeComparator(rbtree_node const*, rbtree_node const*)
001a2f74 00000004 t addrMapNodeDestructor(rbtree_node*)
001a2f78 000000f4 T mappableAlloc
001a306c 00000050 T mappableFree
001a30bc 00000084 T envGetHandle
001a3140 0000004c T envDestroyHandles
001a318c 00000058 T srvExit
001a31e4 00000038 T srvRegisterClient
001a321c 0000007c T srvInit
001a3298 00000068 T srvGetServiceHandleDirect
001a3300 00000038 T srvGetServiceHandle
001a3338 00000034 t LightLock_Unlock.part.1
001a336c 0000000c T __sync_init
001a3378 00000018 T __sync_fini
001a3390 00000010 T __sync_get_arbiter
001a33a0 00000018 T LightLock_Init
001a33b8 000000a0 T LightLock_Lock
001a3458 00000034 T LightLock_TryLock
001a348c 00000020 T LightLock_Unlock
001a34ac 00000024 T RecursiveLock_Init
001a34d0 00000030 T RecursiveLock_Lock
001a3500 00000058 T RecursiveLock_TryLock
001a3558 00000038 T RecursiveLock_Unlock
001a3590 00000038 T LightEvent_Init
001a35c8 0000007c T LightEvent_Clear
001a3644 000000dc T LightEvent_Signal
001a3720 000000d0 T LightEvent_Wait
001a37f0 00000074 T rbtree_node_next
001a3864 00000060 T decode_utf16
001a38c4 00000138 T decode_utf8
001a39fc 00000068 T encode_utf16
001a3a64 00000104 T encode_utf8
001a3b68 0000001c W __appExit
001a3b84 0000001c W __appInit
001a3ba0 000000a4 W __libctru_exit
001a3c44 00000010 t sdmc_link
001a3c54 00000010 t sdmc_dirreset
001a3c64 00000010 t sdmc_fchmod
001a3c74 00000024 t error_cmp
001a3c98 00000050 t sdmc_translate_error
001a3ce8 00000034 t sdmc_fsync
001a3d1c 00000054 t sdmc_ftruncate
001a3d70 000000b8 t sdmc_statvfs
001a3e28 00000038 t sdmc_dirclose
001a3e60 00000138 t sdmc_dirnext
001a3f98 00000034 t sdmc_close
001a3fcc 00000074 t sdmc_fstat
001a4040 000000d8 t sdmc_seek
001a4118 00000084 t sdmc_read
001a419c 000000b8 t sdmc_write
001a4254 000001a8 t sdmc_utf16path
001a43fc 00000074 t sdmc_rmdir
001a4470 000000a4 t sdmc_diropen
001a4514 000000a0 t sdmc_chdir
001a45b4 00000098 t sdmc_mkdir
001a464c 00000108 t sdmc_rename
001a4754 00000074 t sdmc_unlink
001a47c8 00000108 t sdmc_stat
001a48d0 00000188 t sdmc_open
001a4a58 00000010 t sdmc_chmod
001a4a68 00000160 T sdmcInit
001a4bc8 00000060 T sdmcExit
001a4c28 T __aeabi_read_tp
001a4c38 00000184 T floor
001a4dc0 0000009c T frexp
001a4e5c 000000d8 T modf
001a4f38 00000398 T pow
001a52d0 000008bc T __ieee754_pow
001a5b8c 00000214 T __ieee754_sqrt
001a5da0 00000010 T fabs
001a5db0 00000014 T finite
001a5dc4 00000008 T matherr
001a5dd0 00000010 T nan
001a5de0 00000178 T rint
001a5f58 00000170 T scalbn
001a60c8 0000001c T copysign
001a60e4 00000128 T __udivmoddi4
001a620c 00000014 T abort
001a6220 00000008 T atof
001a6228 0000000c T atoi
001a6234 0000000c T atol
001a6240 00000074 T bsearch
001a62b4 00000020 T calloc
001a62d4 00000090 T _calloc_r
001a6364 0000000c T __errno
001a6370 00000154 T _fclose_r
001a64c4 00000018 T fclose
001a64dc 00000254 T __sflush_r
001a6730 00000094 T _fflush_r
001a67c4 00000038 T fflush
001a67fc 0000000c T _cleanup_r
001a6808 00000080 t std.isra.0
001a6888 00000048 T __sfmoreglue
001a68d0 0000008c T __sinit
001a695c 00000118 T __sfp
001a6a74 0000000c T __sfp_lock_acquire
001a6a80 0000000c T __sfp_lock_release
001a6a8c 00000040 T __libc_fini_array
001a6acc 00000148 T _fopen_r
001a6c14 00000020 T fopen
001a6c34 0000003c T fprintf
001a6c70 00000094 T fputc
001a6d04 000002d4 T _fread_r
001a6fd8 00000038 T fread
001a7010 000000f8 T _malloc_trim_r
001a7108 000002e4 T _free_r
001a73ec 00000004 T _fseek_r
001a73f0 00000030 T fseek
001a7420 000005d4 T _fseeko_r
001a79f4 00000034 T ftell
001a7a28 000001a0 T _ftello_r
001a7bc8 00000078 T _fwalk
001a7c40 00000080 T _fwalk_reent
001a7cc0 000000f4 T _fwrite_r
001a7db4 00000038 T fwrite
001a7dec 0000001c T gmtime
001a7e08 0000024c T gmtime_r
001a8054 00000078 T __libc_init_array
001a80cc 00000094 T __swhatbuf_r
001a8160 000000f4 T __smakebuf_r
001a8254 00000020 T memalign
001a8274 00000158 T _memalign_r
001a83cc 00000018 T malloc
001a83e4 00000018 T free
001a83fc 0000078c T _malloc_r
001a8b88 00000104 T memchr
001a8c8c 000000e8 T memcmp
001a8d74 00000114 T memcpy
001a8e88 00000148 T memmove
001a8fd0 00000110 T memset
001a90e0 0000000c T __malloc_lock
001a90ec 0000000c T __malloc_unlock
001a90f8 000000d4 T _putc_r
001a91cc 0000084c T qsort
001a9a18 00000020 T realloc
001a9a38 000004cc T _realloc_r
001a9f04 0000001c t lflush
001a9f20 000001b4 T __srefill_r
001aa0d4 00000028 T remove
001aa0fc 000000a0 T _raise_r
001aa19c 00000018 T raise
001aa1b4 00000068 T sprintf
001aa21c 0000003c T __sread
001aa258 00000064 T __swrite
001aa2bc 0000004c T __sseek
001aa308 00000008 T __sclose
001aa310 000000f0 T strcpy
001aa400 0000063c T _strerror_r
001aaa3c 00000020 T strerror
001aaa5c 0000005c T strlen
001aaab8 0000009c T strncat
001aab54 00000108 T strncmp
001aac5c 000000d8 T strncpy
001aad34 00000044 T strrchr
001aad78 00000118 t critical_factorization
001aae90 00000398 t two_way_long_needle
001ab228 00000368 T strstr
001ab590 00000054 t sulp
001ab5e8 00001434 T _strtod_l
001aca1c 00000040 T strtod
001aca5c 00000220 t _strtol_l.isra.0
001acc7c 00000054 T strtol
001accd0 00001624 t get_arg
001ae2f8 000041c4 T _svfprintf_r
001b24bc 00000008 T _user_strerror
001b24c4 00001624 t get_arg
001b3ae8 00004314 T _vfprintf_r
001b7dfc 000000cc t __sbprintf
001b7ec8 000000b0 T _vsnprintf_r
001b7f78 00000038 T vsnprintf
001b7fb0 00000108 T __swbuf_r
001b80b8 000000a0 T _wcrtomb_r
001b8158 00000020 T _wcsrtombs_r
001b8178 00000144 T __swsetup_r
001b82bc 000001d0 t quorem
001b8490 00001260 T _dtoa_r
001b96f0 000000b0 T __sflags
001b97a0 000004ac T __sfvwrite_r
001b9c4c 000000f0 t rshift
001b9d3c 000007f4 T __gethex
001ba530 00000064 T __match
001ba594 00000264 T __hexnan
001ba7f8 00000008 T __localeconv_l
001ba800 00000024 T _localeconv_r
001ba824 00000024 T __locale_mb_cur_max
001ba848 00000008 T __locale_ctype_ptr_l
001ba850 00000024 T __locale_ctype_ptr
001ba874 00000300 T __utf8_mbtowc
001bab74 00000088 T _Balloc
001babfc 0000001c T _Bfree
001bac18 000000d8 T __multadd
001bacf0 000000f0 T __s2b
001bade0 00000058 T __hi0bits
001bae38 0000009c T __lo0bits
001baed4 00000020 T __i2b
001baef4 000001cc T __multiply
001bb0c0 00000100 T __pow5mult
001bb1c0 000000e4 T __lshift
001bb2a4 00000060 T __mcmp
001bb304 00000198 T __mdiff
001bb49c 00000078 T __ulp
001bb514 000000d4 T __b2d
001bb5e8 00000108 T __d2b
001bb6f0 0000007c T __ratio
001bb76c 0000006c T __copybits
001bb7d8 00000080 T __any_on
001bb858 000001ac T strchr
001bba04 00000188 T __ssprint_r
001bbb8c 0000001c t __sprint_r.part.0
001bbba8 0000001c T __sprint_r
001bbbc4 00000174 T _wcsnrtombs_l
001bbd38 00000064 T _wcsnrtombs_r
001bbd9c 000000e8 T __utf8_wctomb
001bbe84 00000008 t null_write
001bbe8c 00000018 T setDefaultDevice
001bbea4 000000cc T FindDevice
001bbf70 00000028 T RemoveDevice
001bbf98 00000098 T AddDevice
001bc030 00000084 T _close_r
001bc0b4 0000007c T _fstat_r
001bc130 00000010 T _getpid_r
001bc140 00000008 T _isatty_r
001bc148 00000010 T _kill_r
001bc158 00000090 T _lseek_r
001bc1e8 000000c0 T _open_r
001bc2a8 00000088 T _read_r
001bc330 00000070 T _sbrk_r
001bc3a0 0000006c T _unlink_r
001bc40c 00000088 T _write_r
001bc494 00000024 T _exit
001bc4b8 000001d4 T _concatenate_path
001bc68c 0000015c T chdir
001bc7e8 00000060 T mkdir
001bc848 00000008 T __flockfile
001bc850 00000008 T __funlockfile
001bc858 00000018 T __libc_lock_acquire
001bc870 00000018 T __libc_lock_release
001bc888 00000018 T __libc_lock_init_recursive
001bc8a0 00000018 T __libc_lock_acquire_recursive
001bc8b8 00000018 T __libc_lock_release_recursive
001bc8d0 00000018 T __libc_lock_close_recursive
001bc8e8 0000004c T __free_handle
001bc934 00000040 T __release_handle
001bc974 000000b4 T __alloc_handle
001bca28 00000018 T __get_handle
001bca40 00000028 T __getreent
001bca68 0000005c T strnlen
001bcac4 T _fini
001bd000 R font_ttf
00229afc R font_ttf_end
00229afc R font_ttf_size
00229b00 0000004c r ft_default_modules
00229b4c 00000058 r ft_trig_arctan_table
00229ba4 00000048 r ft_raccess_guess_table
00229bec 00000100 r opcode_length
00229cec 00000024 r fvar_fields.10919
00229d10 00000020 r fvaraxis_fields.10920
00229d30 00000024 r gvar_fields.10858
00229d54 000000b4 r trick_names.9300
00229e08 00000198 r sfnt_id.9329
00229fa0 00000030 r tt_services
00229fd0 00000100 r Pop_Push_Count
0022a0d0 00000044 R tt_default_graphics_state
0022a114 00000060 R tt_driver_class
0022a174 00000004 r tt_service_truetype_glyf
0022a178 00000001 r tt_service_truetype_engine
0022a17c 00000014 r tt_service_gx_multi_masters
0022a190 00000008 r tt_service_properties
0022a198 00000038 r t1_services
0022a1d8 000005e0 r t1_keywords
0022a7b8 00000060 R t1_driver_class
0022a818 00000004 r t1_service_kerning
0022a81c 00000014 r t1_service_ps_info
0022a830 00000014 r t1_service_multi_masters
0022a844 00000004 r t1_service_ps_name
0022a848 00000008 r t1_service_glyph_dict
0022a850 00000028 r power_tens
0022a878 00000028 R cff_cmap_encoding_class_rec
0022a8a0 00000028 R cff_cmap_unicode_class_rec
0022a8c8 00000040 r cff_services
0022a908 000005b0 r cff_field_handlers
0022aeb8 00000200 r cff_standard_encoding
0022b0b8 00000018 r cff_header_fields.9616
0022b0d0 000001ca r cff_isoadobe_charset
0022b29c 0000014c r cff_expert_charset
0022b3e8 000000ae r cff_expertsubset_charset
0022b498 00000200 r cff_expert_encoding
0022b698 0000000c r readFromStack.11479
0022b6a4 0000000c r readFromStack.11481
0022b6b0 0000000c r readFromStack.11483
0022b6bc 0000000c r readFromStack.11485
0022b6c8 00000060 R cff_driver_class
0022b728 00000008 r cff_service_properties
0022b730 0000000c r cff_service_cid_info
0022b73c 00000004 r cff_service_get_cmap_info
0022b740 00000004 r cff_service_ps_name
0022b744 00000014 r cff_service_ps_info
0022b758 00000008 r cff_service_glyph_dict
0022b760 00000028 r cid_services
0022b788 00000660 r cid_field_records
0022bde8 00000060 R t1cid_driver_class
0022be48 0000000c r cid_service_cid_info
0022be54 00000014 r cid_service_ps_info
0022be68 00000004 r cid_service_ps_name
0022be6c 00000018 r pfr_services
0022be84 00000074 r pfr_header_fields
0022bef8 00000028 r pfr_phy_font_extra_items
0022bf20 00000028 R pfr_cmap_class_rec
0022bf48 00000060 R pfr_driver_class
0022bfa8 0000000c r pfr_metrics_service_rec
0022bfb4 00000028 r t42_services
0022bfdc 00000280 r t42_keywords
0022c25c 00000060 R t42_driver_class
0022c2bc 00000014 r t42_service_ps_info
0022c2d0 00000004 r t42_service_ps_font_name
0022c2d4 00000008 r t42_service_glyph_dict
0022c2dc 00000018 r winfnt_services
0022c2f4 00000098 r winfnt_header_fields
0022c38c 00000014 r winmz_header_fields
0022c3a0 00000018 r winne_header_fields
0022c3b8 00000034 r winpe32_header_fields
0022c3ec 00000020 r winpe32_section_fields
0022c40c 00000020 r winpe_rsrc_dir_fields
0022c42c 00000010 r winpe_rsrc_dir_entry_fields
0022c43c 00000018 r winpe_rsrc_data_entry_fields
0022c454 00000028 r fnt_cmap_class_rec
0022c47c 00000060 R winfnt_driver_class
0022c4dc 00000004 r winfnt_service_rec
0022c4e0 00000018 r pcf_services
0022c4f8 00000020 r pcf_metric_msb_header
0022c518 00000020 r pcf_metric_header
0022c538 0000001c r pcf_compressed_metric_header
0022c554 00000034 r pcf_accel_msb_header
0022c588 00000034 r pcf_accel_header
0022c5bc 00000010 r pcf_toc_header
0022c5cc 00000018 r pcf_table_header
0022c5e4 00000014 r pcf_property_header
0022c5f8 00000014 r pcf_property_msb_header
0022c60c 00000028 r pcf_cmap_class
0022c634 00000060 R pcf_driver_class
0022c694 00000008 r pcf_service_bdf
0022c69c 00000018 r bdf_services
0022c6b4 00000020 r ddigits
0022c6d4 00000020 r hdigits
0022c6f4 00000080 r a2i
0022c774 00000001 r empty
0022c778 00000008 r nibble_mask
0022c780 00000530 r _bdf_properties
0022ccb0 00000028 r bdf_cmap_class
0022ccd8 00000060 R bdf_driver_class
0022cd38 00000008 r bdf_service_bdf
0022cd40 00000030 r sfnt_services
0022cd70 00000044 r pclt_fields.8366
0022cdb4 00000014 r name_table_fields.8320
0022cdc8 0000001c r name_record_fields.8321
0022cde4 0000002c r post_fields.8361
0022ce10 00000010 r maxp_fields.8305
0022ce20 0000003c r maxp_fields_extra.8306
0022ce5c 0000004c r metrics_header_fields.8415
0022cea8 00000028 r tt_cmap_classes
0022ced0 00000018 r offset_table_fields.8258
0022cee8 00000018 r table_dir_entry_fields.8241
0022cf00 00000054 r header_fields.8289
0022cf54 000000b0 r os2_fields.8350
0022d004 00000010 r os2_fields_extra1.8351
0022d014 0000001c r os2_fields_extra2.8352
0022d030 00000010 r os2_fields_extra5.8353
0022d040 0000003c r woff_header_fields.9747
0022d07c 00000010 r ttc_header_fields.9780
0022d08c 00000024 R sfnt_module_class
0022d0b0 00000078 r sfnt_interface
0022d128 00000008 r sfnt_service_bdf
0022d130 00000004 r tt_service_get_cmap_info
0022d134 00000004 r sfnt_service_ps_name
0022d138 00000008 r sfnt_service_glyph_dict
0022d140 0000000c r sfnt_service_sfnt_table
0022d14c 00000034 R tt_cmap14_class_rec
0022d180 00000034 R tt_cmap13_class_rec
0022d1b4 00000034 R tt_cmap12_class_rec
0022d1e8 00000034 R tt_cmap10_class_rec
0022d21c 00000034 R tt_cmap8_class_rec
0022d250 00000034 R tt_cmap6_class_rec
0022d284 00000034 R tt_cmap4_class_rec
0022d2b8 00000034 R tt_cmap2_class_rec
0022d2ec 00000034 R tt_cmap0_class_rec
0022d320 00000100 r af_warper_weights
0022d420 000000d4 R af_style_classes
0022d4f4 00000014 R af_writing_system_classes
0022d508 00000010 r af_services
0022d518 00000110 R af_blue_stringsets
0022d628 00000410 R af_blue_strings
0022da38 00000068 R af_script_classes
0022daa0 00000038 R af_arab_uniranges
0022dad8 00000018 R af_arab_script_class
0022daf0 00000005 R af_arab_dflt_style_class
0022db08 00000024 R autofit_module_class
0022db2c 00000010 R af_autofitter_interface
0022db3c 00000008 r af_service_properties
0022db44 00000020 R af_indic_writing_system_class
0022db64 00000020 R af_cjk_writing_system_class
0022db84 00000020 R af_latin_writing_system_class
0022dba4 00000020 R af_dummy_writing_system_class
0022dbc4 00000018 R af_hani_nonbase_uniranges
0022dbdc 000000f8 R af_hani_uniranges
0022dcd4 00000050 R af_tibt_nonbase_uniranges
0022dd24 00000010 R af_tibt_uniranges
0022dd34 00000020 R af_taml_nonbase_uniranges
0022dd54 00000010 R af_taml_uniranges
0022dd64 00000028 R af_sylo_nonbase_uniranges
0022dd8c 00000010 R af_sylo_uniranges
0022dd9c 00000018 R af_sund_nonbase_uniranges
0022ddb4 00000018 R af_sund_uniranges
0022ddcc 00000018 R af_sinh_nonbase_uniranges
0022dde4 00000010 R af_sinh_uniranges
0022ddf4 00000038 R af_orya_nonbase_uniranges
0022de2c 00000010 R af_orya_uniranges
0022de3c 00000020 R af_mlym_nonbase_uniranges
0022de5c 00000010 R af_mlym_uniranges
0022de6c 00000020 R af_limb_nonbase_uniranges
0022de8c 00000010 R af_limb_uniranges
0022de9c 00000038 R af_knda_nonbase_uniranges
0022ded4 00000010 R af_knda_uniranges
0022dee4 00000030 R af_guru_nonbase_uniranges
0022df14 00000010 R af_guru_uniranges
0022df24 00000030 R af_gujr_nonbase_uniranges
0022df54 00000010 R af_gujr_uniranges
0022df64 00000030 R af_beng_nonbase_uniranges
0022df94 00000010 R af_beng_uniranges
0022dfa4 00000020 R af_thai_nonbase_uniranges
0022dfc4 00000010 R af_thai_uniranges
0022dfd4 00000028 R af_telu_nonbase_uniranges
0022dffc 00000010 R af_telu_uniranges
0022e00c 00000008 R af_none_nonbase_uniranges
0022e014 00000008 R af_none_uniranges
0022e01c 00000008 R af_latp_nonbase_uniranges
0022e024 00000070 R af_latp_uniranges
0022e094 00000008 R af_latb_nonbase_uniranges
0022e09c 00000020 R af_latb_uniranges
0022e0bc 00000088 R af_latn_nonbase_uniranges
0022e144 00000108 R af_latn_uniranges
0022e24c 00000020 R af_lao_nonbase_uniranges
0022e26c 00000010 R af_lao_uniranges
0022e27c 00000030 R af_hebr_nonbase_uniranges
0022e2ac 00000018 R af_hebr_uniranges
0022e2c4 00000040 R af_grek_nonbase_uniranges
0022e304 00000018 R af_grek_uniranges
0022e31c 00000040 R af_deva_nonbase_uniranges
0022e35c 00000038 R af_deva_uniranges
0022e394 00000028 R af_cyrl_nonbase_uniranges
0022e3bc 00000028 R af_cyrl_uniranges
0022e3e4 00000098 R af_arab_nonbase_uniranges
0022e47c 00000005 R af_hani_dflt_style_class
0022e484 00000005 R af_tibt_dflt_style_class
0022e48c 00000005 R af_taml_dflt_style_class
0022e494 00000005 R af_sylo_dflt_style_class
0022e49c 00000005 R af_sund_dflt_style_class
0022e4a4 00000005 R af_sinh_dflt_style_class
0022e4ac 00000005 R af_orya_dflt_style_class
0022e4b4 00000005 R af_mlym_dflt_style_class
0022e4bc 00000005 R af_limb_dflt_style_class
0022e4c4 00000005 R af_knda_dflt_style_class
0022e4cc 00000005 R af_guru_dflt_style_class
0022e4d4 00000005 R af_gujr_dflt_style_class
0022e4dc 00000005 R af_beng_dflt_style_class
0022e4e4 00000005 R af_thai_dflt_style_class
0022e4ec 00000005 R af_telu_dflt_style_class
0022e4f4 00000005 R af_none_dflt_style_class
0022e4fc 00000005 R af_latp_dflt_style_class
0022e504 00000005 R af_latb_dflt_style_class
0022e50c 00000005 R af_latn_dflt_style_class
0022e514 00000005 R af_latn_titl_style_class
0022e51c 00000005 R af_latn_sups_style_class
0022e524 00000005 R af_latn_subs_style_class
0022e52c 00000005 R af_latn_smcp_style_class
0022e534 00000005 R af_latn_sinf_style_class
0022e53c 00000005 R af_latn_pcap_style_class
0022e544 00000005 R af_latn_ordn_style_class
0022e54c 00000005 R af_latn_c2sc_style_class
0022e554 00000005 R af_latn_c2cp_style_class
0022e55c 00000005 R af_lao_dflt_style_class
0022e564 00000005 R af_hebr_dflt_style_class
0022e56c 00000005 R af_grek_dflt_style_class
0022e574 00000005 R af_grek_titl_style_class
0022e57c 00000005 R af_grek_sups_style_class
0022e584 00000005 R af_grek_subs_style_class
0022e58c 00000005 R af_grek_smcp_style_class
0022e594 00000005 R af_grek_sinf_style_class
0022e59c 00000005 R af_grek_pcap_style_class
0022e5a4 00000005 R af_grek_ordn_style_class
0022e5ac 00000005 R af_grek_c2sc_style_class
0022e5b4 00000005 R af_grek_c2cp_style_class
0022e5bc 00000005 R af_deva_dflt_style_class
0022e5c4 00000005 R af_cyrl_dflt_style_class
0022e5cc 00000005 R af_cyrl_titl_style_class
0022e5d4 00000005 R af_cyrl_sups_style_class
0022e5dc 00000005 R af_cyrl_subs_style_class
0022e5e4 00000005 R af_cyrl_smcp_style_class
0022e5ec 00000005 R af_cyrl_sinf_style_class
0022e5f4 00000005 R af_cyrl_pcap_style_class
0022e5fc 00000005 R af_cyrl_ordn_style_class
0022e604 00000005 R af_cyrl_c2sc_style_class
0022e60c 00000005 R af_cyrl_c2cp_style_class
0022e614 00000018 R af_hani_script_class
0022e62c 00000018 R af_tibt_script_class
0022e644 00000018 R af_taml_script_class
0022e65c 00000018 R af_sylo_script_class
0022e674 00000018 R af_sund_script_class
0022e68c 00000018 R af_sinh_script_class
0022e6a4 00000018 R af_orya_script_class
0022e6bc 00000018 R af_mlym_script_class
0022e6d4 00000018 R af_limb_script_class
0022e6ec 00000018 R af_knda_script_class
0022e704 00000018 R af_guru_script_class
0022e71c 00000018 R af_gujr_script_class
0022e734 00000018 R af_beng_script_class
0022e74c 00000018 R af_thai_script_class
0022e764 00000018 R af_telu_script_class
0022e77c 00000018 R af_none_script_class
0022e794 00000018 R af_latp_script_class
0022e7ac 00000018 R af_latb_script_class
0022e7c4 00000018 R af_latn_script_class
0022e7dc 00000018 R af_lao_script_class
0022e7f4 00000018 R af_hebr_script_class
0022e80c 00000018 R af_grek_script_class
0022e824 00000018 R af_deva_script_class
0022e83c 00000018 R af_cyrl_script_class
0022e854 00000024 R pshinter_module_class
0022e878 0000000c r pshinter_interface
0022e884 0000003c R ft_raster1_renderer_class
0022e8c0 00000018 R ft_standard_raster
0022e8d8 00000018 r func_interface
0022e8f0 0000003c R ft_smooth_lcdv_renderer_class
0022e92c 0000003c R ft_smooth_lcd_renderer_class
0022e968 0000003c R ft_smooth_renderer_class
0022e9a4 00000018 R ft_grays_raster
0022e9bc 00000014 r ftc_face_list_class
0022e9d0 00000014 r ftc_size_list_class
0022e9e4 00000020 r ftc_cmap_cache_class
0022ea04 00000024 r ftc_basic_image_cache_class
0022ea28 00000024 r ftc_basic_sbit_cache_class
0022ea4c 0000001c r ftc_basic_sbit_family_class
0022ea68 00000018 r ftc_basic_image_family_class
0022ea80 00000034 R ps_parser_funcs
0022eab4 00000080 r ft_char_table
0022eb34 00000010 R ps_table_funcs
0022eb44 00000020 R t1_builder_funcs
0022eb64 00000128 r afm_key_table
0022ec8c 0000000c R t1_decoder_funcs
0022ec98 0000006c r t1_args_count
0022ed04 00000028 R t1_cmap_unicode_class_rec
0022ed2c 00000028 R t1_cmap_custom_class_rec
0022ed54 00000028 R t1_cmap_expert_class_rec
0022ed7c 00000028 R t1_cmap_standard_class_rec
0022eda4 00000024 R psaux_module_class
0022edc8 0000001c r psaux_interface
0022ede4 00000010 R t1_cmap_classes
0022edf4 0000000c R afm_parser_funcs
0022ee00 00000204 r ft_mac_names
0022f004 00000e70 r ft_standard_glyph_names
0022fe74 0000030e r ft_sid_names
00230184 00000010 r pscmaps_services
00230194 0000dabd r ft_adobe_glyph_list
0023dc54 00000055 r ft_extra_glyph_names
0023dcac 00000024 R psnames_module_class
0023dcd0 00000020 r pscmaps_interface
0023dcf0 00000200 r t1_expert_encoding
0023def0 00000200 r t1_standard_encoding
0023e0f0 00000020 R ft_outline_glyph_class
0023e110 00000020 R ft_bitmap_glyph_class
0023e138 00000030 r short_months.8740
0023e168 00000020 r CSWTCH.117
0023e188 00000020 r CSWTCH.118
0023e1a8 00000020 r sRGB_xy
0023e1c8 00000024 r sRGB_XYZ.8930
0023e1ec 0000000c r D50_nCIEXYZ
0023e1f8 000000e0 r png_sRGB_checks
0023e2d8 00000200 R png_sRGB_delta
0023e4d8 00000400 R png_sRGB_base
0023e8d8 00000200 R png_sRGB_table
0023ead8 00000010 r png_digit
0023eae8 00000011 r digits.8650
0023eafc 0000001e r chunks_to_process.8831
0023eb1c 00000048 r display_mask.9019
0023eb64 00000090 r row_mask.9018
0023ebf4 0000001c r png_pass_inc.9063
0023ec10 00000007 r png_pass_inc.9247
0023ec18 00000007 r png_pass_start.9246
0023ec20 00000007 r png_pass_yinc.9249
0023ec28 00000007 r png_pass_ystart.9248
0023ec30 00000007 r png_pass_inc.9256
0023ec38 00000007 r png_pass_start.9255
0023ec40 00000055 r chunks_to_ignore.8900
0023ec98 00000100 r onebppswaptable
0023ed98 00000100 r twobppswaptable
0023ee98 00000100 r fourbppswaptable
0023efa0 00000007 r png_pass_inc.8996
0023efa8 00000007 r png_pass_start.8995
0023efb0 00000007 r png_pass_yinc.8998
0023efb8 00000007 r png_pass_ystart.8997
0023efc0 00000007 r png_pass_start.9006
0023efc8 00000007 r png_pass_inc.9007
0023efd0 00002000 r crc_table
00240fd0 00000078 r configuration_table
00241048 00000044 R deflate_copyright
0024108c 00000800 r lenfix.5550
0024188c 00000080 r distfix.5551
0024190c 00000026 r order.5579
00241934 00000040 r dext.5465
00241974 00000040 r dbase.5464
002419b4 0000003e r lext.5463
002419f4 0000003e r lbase.5462
00241a34 0000002f R inflate_copyright
00241a64 00000100 R _length_code
00241b64 00000074 r extra_lbits
00241bd8 00000074 r base_length
00241c4c 00000200 R _dist_code
00241e4c 00000078 r extra_dbits
00241ec4 00000078 r base_dist
00241f3c 00000480 r static_ltree
002423bc 00000078 r static_dtree
00242434 00000013 r bl_order
00242448 0000004c r extra_blbits
00242494 00000028 R z_errmsg
002424bc 00000010 r CSWTCH.25
002424cc R shader_shbin
00242618 R shader_shbin_end
00242618 R shader_shbin_size
00243b50 r .LC2
00246710 00000005 r colorFmtSizes
00246718 00000004 r depthFmtSizes
0024671c 00000038 r CSWTCH.18
00246754 00000014 r CSWTCH.28
00246768 00000008 r framebufferInfoSt
00246778 0000000c r serviceNameTable.7525
002467dc 00000030 r error_table
00246820 00000010 r TWO52
00246830 00000004 R _global_impure_ptr
00246f44 00000014 r fpi.7277
00246f58 00000014 r fpinan.7313
00246f70 00000028 r tinytens
00246fd8 00000010 r blanks.8400
00246fe8 00000010 r zeroes.8401
00246ff8 00000010 r blanks.8415
00247008 00000010 r zeroes.8416
00247028 00000100 R __hexdig
00247170 00000028 R __mprec_bigtens
00247198 000000c8 R __mprec_tens
00247260 0000000c r p05.7191
0024726c 0000006c R __action_table
002472d8 00000100 R __chclass
002473d8 0000006c R __state_table
00247444 00000101 R _ctype_
00247550 00000068 R dotab_stdnull
002475b8 00000003 R DIRECTORY_PARENT
002475bc r __EH_FRAME_BEGIN__
002475bc R __exidx_end
002475bc R __exidx_start
00248000 00000004 D ret
00248004 00000024 D opt_menu
00248028 0000000c D menu2
00248034 00000014 d static_l_desc
00248048 00000014 d static_d_desc
0024805c 00000014 d static_bl_desc
00248070 00000004 d useTransform_desc
00248074 00000004 d transform_desc
00248078 00000004 d vblank_wait
0024807c 00000004 d projection_desc
00248080 W __stacksize__
00248084 00000004 d framerate
00248088 00000008 d framerateCounter
00248090 00000001 d botFormat
00248094 00000008 d doubleBuf
0024809c 00000001 d topFormat
002480a0 00000004 d queueLock
002480a4 00000004 d aptFlags
002480a8 00000004 d gspLastEvent
002480ac 00000004 V __ctru_linear_heap_size
002480b0 00000401 d __cwd
002484b4 00000068 d sdmc_devoptab
0024851c 00000001 D __fdlib_version
00248520 0000000c d __sfp_lock
0024852c 0000000c d __sinit_lock
00248538 00000004 D _impure_ptr
00248540 00000460 d impure_data
002489a0 00000408 D __malloc_av_
00248da8 00000004 D __malloc_sbrk_base
00248dac 00000004 D __malloc_trim_threshold
00248db0 0000000c d __malloc_lock_object
00248dbc 0000016c D __global_locale
00248f28 00000004 d defaultDevice
00248f2c 00000040 D devoptab_list
00248f6c 00001000 d _current_working_directory
00249f6c 00000004 d __hndl_lock
00249f70 0000000c d __stderr_handle
00249f7c 0000000c d __stdin_handle
00249f88 0000000c d __stdout_handle
00249f94 00001000 d handles
0024af94 t __frame_dummy_init_array_entry
0024af94 T __init_array_start
0024af94 d __JCR_LIST__
0024af94 B __preinit_array_end
0024af94 B __preinit_array_start
0024af94 D __tdata_lma
0024af94 D __tdata_lma_end
0024af94 D __TMC_END__
0024af94 d __TMC_LIST__
0024af98 t __do_global_dtors_aux_fini_array_entry
0024af98 T __fini_array_start
0024af98 T __init_array_end
0024af9c T __bss_start__
0024af9c T __fini_array_end
0024afa0 00000008 B titleid
0024afa8 00000004 b sftd_initialized
0024afac 00000004 b ftlibrary
0024afb0 00000004 b sf2d_initialized
0024afb4 00000004 b pool_addr
0024afb8 00000014 b shader
0024afcc 00000004 b dvlb
0024afd0 00000004 b in_render
0024afd4 00000004 b pool_index
0024afd8 00000001 b cur_screen
0024afd9 00000001 b cur_side
0024afdc 00000004 b targetTopLeft
0024afe0 00000004 b targetTopRight
0024afe4 00000004 b targetBottom
0024afe8 00000004 b frames
0024aff0 00000008 b last_time
0024aff8 00000004 b current_fps
0024affc 00000004 b pool_size
0024b000 b saved_stack
0024b008 b completed.7620
0024b00c b object.7625
0024b024 0000000c b hookCookie
0024b030 00000010 b cpuTime
0024b040 00000004 b firstTarget
0024b044 00000008 b frameCounter
0024b04c 00000001 b frameStage
0024b050 00000010 b gpuTime
0024b060 00000001 b inFrame
0024b061 00000001 b inSafeTransfer
0024b062 00000001 b initialized
0024b064 00000004 b lastTarget
0024b068 0000000c b linkedTarget
0024b074 00000001 b measureGpuTime
0024b078 000000c0 b C3Di_FVUnifEverDirty
0024b138 00000008 b C3Di_IVUnifEverDirty
0024b140 00000018 b C3Di_ShaderFVecData
0024b158 00000008 b sLinearPool
0024b160 0000000c b sAddrMap
0024b16c 0000000c b sAddrMap
0024b178 00000008 b sVramPool
0024b180 00000002 b currentBuffer
0024b182 00000001 b enable3d
0024b184 00000004 b screenAlloc
0024b188 00000004 b screenFree
0024b18c 00000001 V __ctru_speedup
0024b190 00000004 b boundQueue
0024b194 00000004 b curQueue
0024b198 00000001 b isActive
0024b199 00000001 b isRunning
0024b19a 00000001 b shouldStop
0024b19b 00000001 b aptChainloadMediatype
0024b1a0 00000008 b aptChainloadTid
0024b1a8 00000004 b aptEventHandlerThread
0024b1ac 0000000c b aptEvents
0024b1b8 0000000c b aptFirstHook
0024b1c4 00000001 b aptHomeButtonState
0024b1c8 00000004 b aptLockHandle
0024b1cc 00000004 b aptMessageFunc
0024b1d0 00000004 b aptMessageFuncData
0024b1d4 00001000 b aptParameters
0024c1d4 00000004 b aptRefCount
0024c1d8 00000008 b aptSleepEvent
0024c1e0 00000001 b flagInit.7885
0024c1e1 00000001 b flagValue.7886
0024c1e4 00000004 b serviceName.7524
0024c1e8 00000080 b fsExemptArchives
0024c268 00000004 b fsuHandle
0024c26c 00000004 b fsuRefCount
0024c270 00000004 b gspEvent
0024c274 0000001c b gspEventCb
0024c290 0000001c b gspEventCbData
0024c2ac 00000007 b gspEventCbOneShot
0024c2b4 0000001c b gspEventCounts
0024c2d0 00000004 b gspEventData
0024c2d4 00000004 b gspEventThread
0024c2d8 00000038 b gspEvents
0024c310 00000004 b gspRefCount
0024c314 00000001 b gspRunEvents
0024c318 00000006 b aVec
0024c320 00000004 b cPos
0024c324 00000006 b gRate
0024c32c 00000004 b hidRefCount
0024c330 00000004 b kDown
0024c334 00000004 b kHeld
0024c338 00000004 b kOld
0024c33c 00000004 b kUp
0024c340 00000004 b tPos
0024c344 00000004 b csPos
0024c348 00000004 b irrstRefCount
0024c34c 00000004 b kHeld
0024c350 00000004 b ptmSysmHandle
0024c354 00000004 b ptmSysmRefCount
0024c358 00000004 b swkbdSharedMem
0024c35c 00000004 b swkbdSharedMemHandle
0024c360 00000004 V __ctru_heap_size
0024c364 00000008 b sMappablePool
0024c36c 0000000c b sAddrMap
0024c378 00000004 b srvHandle
0024c37c 00000004 b srvRefCount
0024c380 00000004 b arbiter
0024c388 00000008 b sdmcArchive
0024c390 00000001 b sdmcInitialised
0024c394 00000028 B __malloc_current_mallinfo
0024c3bc 00000004 B __malloc_max_sbrked_mem
0024c3c0 00000004 B __malloc_max_total_mem
0024c3c4 00000004 B __malloc_top_pad
0024c3c8 00000004 b heap_start.6927
0024c3cc 00000004 B fake_heap_end
0024c3d0 00000004 B fake_heap_start
0024c3d4 00001000 b temp_cwd
0024d3d4 00000038 B __syscalls
0024d40c 00000004 B data2
0024d410 00000001 B runThread
0024d414 00000004 B thread
0024d418 000050d0 B msg
002524e8 00000001 B stopScreen
002524ec 00000004 B file
002524f0 00000014 B gui
00252504 00000004 B data
00252508 00000004 B event
0025250c 00000064 B mybuf
00252570 00000028 B message
00252598 00000004 B a
002525a0 000002b8 B __C3D_Context
00252858 00000020 B C3D_IVUnif
00252878 000000c0 B C3D_FVUnifDirty
00252938 00000002 B C3D_BoolUnifsDirty
0025293c 00000008 B C3D_IVUnifDirty
00252944 00000004 B C3D_BoolUnifs
00252948 00000c00 B C3D_FVUnif
00253548 00000008 B gfxBottomFramebuffers
00253550 00000004 B gspSharedMemHandle
00253554 0000001c B bottomFramebufferInfo
00253570 00000004 B gspEvent
00253574 00000008 B gfxTopLeftFramebuffers
0025357c 00000008 B gfxTopRightFramebuffers
00253584 0000001c B topFramebufferInfo
002535a0 00000001 B gfxThreadID
002535a4 00000004 B gfxSharedMemory
002535a8 00000004 B gfxTopFramebufferMaxSize
002535ac 00000004 B gfxBottomFramebufferMaxSize
002535b0 00000004 B gpuCmdBuf
002535b4 00000004 B gpuCmdBufOffset
002535b8 00000004 B gpuCmdBufSize
002535bc 00000004 B gxCmdBuf
002535c0 00000004 B gspGpuHandle
002535c4 00000004 B hidMemHandle
002535c8 00000004 B hidHandle
002535cc 00000004 B hidSharedMem
002535d0 00000014 B hidEvents
002535e4 00000004 B irrstHandle
002535e8 00000004 B irrstEvent
002535ec 00000004 B irrstMemHandle
002535f0 00000004 B irrstSharedMem
002535f4 00000004 B __ctru_linear_heap
002535f8 00000004 B __ctru_heap
002535fc 00000004 B __system_argv
00253600 00000004 B __system_argc
00253604 00000004 B __system_retAddr
00253608 B __tls_start
00254a14 B __bss_end__
00254a14 A __end__
00254a14 B __tls_end
